# JRE version: OpenJDK Runtime Environment (8.0_302) (build 1.8.0_302-bre_2021_08_14_22_07-b00)
# Java VM: OpenJDK 64-Bit Server VM (25.302-b00 mixed mode bsd-amd64 compressed oops)
Heap:
 PSYoungGen      total 221696K, used 154551K [0x000000076ab00000, 0x0000000780800000, 0x00000007c0000000)
  eden space 208384K, 74% used [0x000000076ab00000,0x00000007741edde8,0x0000000777680000)
  from space 13312K, 0% used [0x0000000777680000,0x0000000777680000,0x0000000778380000)
  to   space 13312K, 0% used [0x000000077fb00000,0x000000077fb00000,0x0000000780800000)
 ParOldGen       total 140800K, used 14511K [0x00000006c0000000, 0x00000006c8980000, 0x000000076ab00000)
  object space 140800K, 10% used [0x00000006c0000000,0x00000006c0e2be68,0x00000006c8980000)
 Metaspace       used 42086K, capacity 44767K, committed 45056K, reserved 1087488K
  class space    used 5831K, capacity 6333K, committed 6400K, reserved 1048576K
GC Heap History (10 events):
Event: 1.167 GC heap before
{Heap before GC invocations=5 (full 1):
 PSYoungGen      total 141824K, used 6543K [0x000000076ab00000, 0x0000000774000000, 0x00000007c0000000)
  eden space 131072K, 0% used [0x000000076ab00000,0x000000076ab00000,0x0000000772b00000)
  from space 10752K, 60% used [0x0000000773580000,0x0000000773be3ef8,0x0000000774000000)
  to   space 10752K, 0% used [0x0000000772b00000,0x0000000772b00000,0x0000000773580000)
 ParOldGen       total 175104K, used 104K [0x00000006c0000000, 0x00000006cab00000, 0x000000076ab00000)
  object space 175104K, 0% used [0x00000006c0000000,0x00000006c001a010,0x00000006cab00000)
 Metaspace       used 20188K, capacity 21096K, committed 21248K, reserved 1067008K
  class space    used 2746K, capacity 2958K, committed 3072K, reserved 1048576K
Event: 1.192 GC heap after
Heap after GC invocations=5 (full 1):
 PSYoungGen      total 141824K, used 0K [0x000000076ab00000, 0x0000000774000000, 0x00000007c0000000)
  eden space 131072K, 0% used [0x000000076ab00000,0x000000076ab00000,0x0000000772b00000)
  from space 10752K, 0% used [0x0000000773580000,0x0000000773580000,0x0000000774000000)
  to   space 10752K, 0% used [0x0000000772b00000,0x0000000772b00000,0x0000000773580000)
 ParOldGen       total 94720K, used 6385K [0x00000006c0000000, 0x00000006c5c80000, 0x000000076ab00000)
  object space 94720K, 6% used [0x00000006c0000000,0x00000006c063c440,0x00000006c5c80000)
 Metaspace       used 20188K, capacity 21096K, committed 21248K, reserved 1067008K
  class space    used 2746K, capacity 2958K, committed 3072K, reserved 1048576K
}
Event: 1.692 GC heap before
{Heap before GC invocations=6 (full 1):
 PSYoungGen      total 141824K, used 131072K [0x000000076ab00000, 0x0000000774000000, 0x00000007c0000000)
  eden space 131072K, 100% used [0x000000076ab00000,0x0000000772b00000,0x0000000772b00000)
  from space 10752K, 0% used [0x0000000773580000,0x0000000773580000,0x0000000774000000)
  to   space 10752K, 0% used [0x0000000772b00000,0x0000000772b00000,0x0000000773580000)
 ParOldGen       total 94720K, used 6385K [0x00000006c0000000, 0x00000006c5c80000, 0x000000076ab00000)
  object space 94720K, 6% used [0x00000006c0000000,0x00000006c063c440,0x00000006c5c80000)
 Metaspace       used 26892K, capacity 28192K, committed 28288K, reserved 1073152K
  class space    used 3665K, capacity 3948K, committed 3968K, reserved 1048576K
Event: 1.700 GC heap after
Heap after GC invocations=6 (full 1):
 PSYoungGen      total 141824K, used 10373K [0x000000076ab00000, 0x0000000779080000, 0x00000007c0000000)
  eden space 131072K, 0% used [0x000000076ab00000,0x000000076ab00000,0x0000000772b00000)
  from space 10752K, 96% used [0x0000000772b00000,0x0000000773521500,0x0000000773580000)
  to   space 11264K, 0% used [0x0000000778580000,0x0000000778580000,0x0000000779080000)
 ParOldGen       total 94720K, used 6393K [0x00000006c0000000, 0x00000006c5c80000, 0x000000076ab00000)
  object space 94720K, 6% used [0x00000006c0000000,0x00000006c063e440,0x00000006c5c80000)
 Metaspace       used 26892K, capacity 28192K, committed 28288K, reserved 1073152K
  class space    used 3665K, capacity 3948K, committed 3968K, reserved 1048576K
}
Event: 2.223 GC heap before
{Heap before GC invocations=7 (full 1):
 PSYoungGen      total 141824K, used 141445K [0x000000076ab00000, 0x0000000779080000, 0x00000007c0000000)
  eden space 131072K, 100% used [0x000000076ab00000,0x0000000772b00000,0x0000000772b00000)
  from space 10752K, 96% used [0x0000000772b00000,0x0000000773521500,0x0000000773580000)
  to   space 11264K, 0% used [0x0000000778580000,0x0000000778580000,0x0000000779080000)
 ParOldGen       total 94720K, used 6393K [0x00000006c0000000, 0x00000006c5c80000, 0x000000076ab00000)
  object space 94720K, 6% used [0x00000006c0000000,0x00000006c063e440,0x00000006c5c80000)
 Metaspace       used 32268K, capacity 33974K, committed 34304K, reserved 1079296K
  class space    used 4450K, capacity 4767K, committed 4864K, reserved 1048576K
Event: 2.230 GC heap after
Heap after GC invocations=7 (full 1):
 PSYoungGen      total 219136K, used 11245K [0x000000076ab00000, 0x0000000779080000, 0x00000007c0000000)
  eden space 207872K, 0% used [0x000000076ab00000,0x000000076ab00000,0x0000000777600000)
  from space 11264K, 99% used [0x0000000778580000,0x000000077907b5e8,0x0000000779080000)
  to   space 13312K, 0% used [0x0000000777680000,0x0000000777680000,0x0000000778380000)
 ParOldGen       total 94720K, used 8022K [0x00000006c0000000, 0x00000006c5c80000, 0x000000076ab00000)
  object space 94720K, 8% used [0x00000006c0000000,0x00000006c07d5a78,0x00000006c5c80000)
 Metaspace       used 32268K, capacity 33974K, committed 34304K, reserved 1079296K
  class space    used 4450K, capacity 4767K, committed 4864K, reserved 1048576K
}
Event: 2.366 GC heap before
{Heap before GC invocations=8 (full 1):
 PSYoungGen      total 219136K, used 40544K [0x000000076ab00000, 0x0000000779080000, 0x00000007c0000000)
  eden space 207872K, 14% used [0x000000076ab00000,0x000000076c79cc50,0x0000000777600000)
  from space 11264K, 99% used [0x0000000778580000,0x000000077907b5e8,0x0000000779080000)
  to   space 13312K, 0% used [0x0000000777680000,0x0000000777680000,0x0000000778380000)
 ParOldGen       total 94720K, used 8022K [0x00000006c0000000, 0x00000006c5c80000, 0x000000076ab00000)
  object space 94720K, 8% used [0x00000006c0000000,0x00000006c07d5a78,0x00000006c5c80000)
 Metaspace       used 33495K, capacity 35297K, committed 35416K, reserved 1079296K
  class space    used 4623K, capacity 5001K, committed 5120K, reserved 1048576K
Event: 2.371 GC heap after
Heap after GC invocations=8 (full 1):
 PSYoungGen      total 221696K, used 9129K [0x000000076ab00000, 0x0000000780800000, 0x00000007c0000000)
  eden space 208384K, 0% used [0x000000076ab00000,0x000000076ab00000,0x0000000777680000)
  from space 13312K, 68% used [0x0000000777680000,0x0000000777f6a6e0,0x0000000778380000)
  to   space 13312K, 0% used [0x000000077fb00000,0x000000077fb00000,0x0000000780800000)
 ParOldGen       total 94720K, used 8030K [0x00000006c0000000, 0x00000006c5c80000, 0x000000076ab00000)
  object space 94720K, 8% used [0x00000006c0000000,0x00000006c07d7a78,0x00000006c5c80000)
 Metaspace       used 33495K, capacity 35297K, committed 35416K, reserved 1079296K
  class space    used 4623K, capacity 5001K, committed 5120K, reserved 1048576K
}
Event: 2.371 GC heap before
{Heap before GC invocations=9 (full 2):
 PSYoungGen      total 221696K, used 9129K [0x000000076ab00000, 0x0000000780800000, 0x00000007c0000000)
  eden space 208384K, 0% used [0x000000076ab00000,0x000000076ab00000,0x0000000777680000)
  from space 13312K, 68% used [0x0000000777680000,0x0000000777f6a6e0,0x0000000778380000)
  to   space 13312K, 0% used [0x000000077fb00000,0x000000077fb00000,0x0000000780800000)
 ParOldGen       total 94720K, used 8030K [0x00000006c0000000, 0x00000006c5c80000, 0x000000076ab00000)
  object space 94720K, 8% used [0x00000006c0000000,0x00000006c07d7a78,0x00000006c5c80000)
 Metaspace       used 33495K, capacity 35297K, committed 35416K, reserved 1079296K
  class space    used 4623K, capacity 5001K, committed 5120K, reserved 1048576K
Event: 2.398 GC heap after
Heap after GC invocations=9 (full 2):
 PSYoungGen      total 221696K, used 0K [0x000000076ab00000, 0x0000000780800000, 0x00000007c0000000)
  eden space 208384K, 0% used [0x000000076ab00000,0x000000076ab00000,0x0000000777680000)
  from space 13312K, 0% used [0x0000000777680000,0x0000000777680000,0x0000000778380000)
  to   space 13312K, 0% used [0x000000077fb00000,0x000000077fb00000,0x0000000780800000)
 ParOldGen       total 140800K, used 14511K [0x00000006c0000000, 0x00000006c8980000, 0x000000076ab00000)
  object space 140800K, 10% used [0x00000006c0000000,0x00000006c0e2be68,0x00000006c8980000)
 Metaspace       used 33495K, capacity 35297K, committed 35416K, reserved 1079296K
  class space    used 4623K, capacity 5001K, committed 5120K, reserved 1048576K
}

