# JRE version: OpenJDK Runtime Environment (8.0_302) (build 1.8.0_302-bre_2021_08_14_22_07-b00)
# Java VM: OpenJDK 64-Bit Server VM (25.302-b00 mixed mode bsd-amd64 compressed oops)
Heap:
 PSYoungGen      total 269312K, used 151726K [0x000000076ab00000, 0x0000000786400000, 0x00000007c0000000)
  eden space 259072K, 58% used [0x000000076ab00000,0x0000000773f2baf8,0x000000077a800000)
  from space 10240K, 0% used [0x000000077a800000,0x000000077a800000,0x000000077b200000)
  to   space 13824K, 0% used [0x0000000785680000,0x0000000785680000,0x0000000786400000)
 ParOldGen       total 128000K, used 19562K [0x00000006c0000000, 0x00000006c7d00000, 0x000000076ab00000)
  object space 128000K, 15% used [0x00000006c0000000,0x00000006c131ab20,0x00000006c7d00000)
 Metaspace       used 42154K, capacity 44820K, committed 45008K, reserved 1087488K
  class space    used 5843K, capacity 6333K, committed 6400K, reserved 1048576K
GC Heap History (10 events):
Event: 1.219 GC heap before
{Heap before GC invocations=5 (full 0):
 PSYoungGen      total 141824K, used 15481K [0x000000076ab00000, 0x0000000774000000, 0x00000007c0000000)
  eden space 131072K, 6% used [0x000000076ab00000,0x000000076b395b58,0x0000000772b00000)
  from space 10752K, 62% used [0x0000000773580000,0x0000000773c088f0,0x0000000774000000)
  to   space 10752K, 0% used [0x0000000772b00000,0x0000000772b00000,0x0000000773580000)
 ParOldGen       total 175104K, used 104K [0x00000006c0000000, 0x00000006cab00000, 0x000000076ab00000)
  object space 175104K, 0% used [0x00000006c0000000,0x00000006c001a010,0x00000006cab00000)
 Metaspace       used 20598K, capacity 21500K, committed 21628K, reserved 1069056K
  class space    used 2821K, capacity 3026K, committed 3072K, reserved 1048576K
Event: 1.223 GC heap after
Heap after GC invocations=5 (full 0):
 PSYoungGen      total 141824K, used 6329K [0x000000076ab00000, 0x000000077bc00000, 0x00000007c0000000)
  eden space 131072K, 0% used [0x000000076ab00000,0x000000076ab00000,0x0000000772b00000)
  from space 10752K, 58% used [0x0000000772b00000,0x000000077312e758,0x0000000773580000)
  to   space 8704K, 0% used [0x000000077b380000,0x000000077b380000,0x000000077bc00000)
 ParOldGen       total 175104K, used 112K [0x00000006c0000000, 0x00000006cab00000, 0x000000076ab00000)
  object space 175104K, 0% used [0x00000006c0000000,0x00000006c001c010,0x00000006cab00000)
 Metaspace       used 20598K, capacity 21500K, committed 21628K, reserved 1069056K
  class space    used 2821K, capacity 3026K, committed 3072K, reserved 1048576K
}
Event: 1.223 GC heap before
{Heap before GC invocations=6 (full 1):
 PSYoungGen      total 141824K, used 6329K [0x000000076ab00000, 0x000000077bc00000, 0x00000007c0000000)
  eden space 131072K, 0% used [0x000000076ab00000,0x000000076ab00000,0x0000000772b00000)
  from space 10752K, 58% used [0x0000000772b00000,0x000000077312e758,0x0000000773580000)
  to   space 8704K, 0% used [0x000000077b380000,0x000000077b380000,0x000000077bc00000)
 ParOldGen       total 175104K, used 112K [0x00000006c0000000, 0x00000006cab00000, 0x000000076ab00000)
  object space 175104K, 0% used [0x00000006c0000000,0x00000006c001c010,0x00000006cab00000)
 Metaspace       used 20598K, capacity 21500K, committed 21628K, reserved 1069056K
  class space    used 2821K, capacity 3026K, committed 3072K, reserved 1048576K
Event: 1.244 GC heap after
Heap after GC invocations=6 (full 1):
 PSYoungGen      total 141824K, used 0K [0x000000076ab00000, 0x000000077bc00000, 0x00000007c0000000)
  eden space 131072K, 0% used [0x000000076ab00000,0x000000076ab00000,0x0000000772b00000)
  from space 10752K, 0% used [0x0000000772b00000,0x0000000772b00000,0x0000000773580000)
  to   space 8704K, 0% used [0x000000077b380000,0x000000077b380000,0x000000077bc00000)
 ParOldGen       total 82432K, used 6187K [0x00000006c0000000, 0x00000006c5080000, 0x000000076ab00000)
  object space 82432K, 7% used [0x00000006c0000000,0x00000006c060afd8,0x00000006c5080000)
 Metaspace       used 20598K, capacity 21500K, committed 21628K, reserved 1069056K
  class space    used 2821K, capacity 3026K, committed 3072K, reserved 1048576K
}
Event: 1.690 GC heap before
{Heap before GC invocations=7 (full 1):
 PSYoungGen      total 141824K, used 131072K [0x000000076ab00000, 0x000000077bc00000, 0x00000007c0000000)
  eden space 131072K, 100% used [0x000000076ab00000,0x0000000772b00000,0x0000000772b00000)
  from space 10752K, 0% used [0x0000000772b00000,0x0000000772b00000,0x0000000773580000)
  to   space 8704K, 0% used [0x000000077b380000,0x000000077b380000,0x000000077bc00000)
 ParOldGen       total 82432K, used 6187K [0x00000006c0000000, 0x00000006c5080000, 0x000000076ab00000)
  object space 82432K, 7% used [0x00000006c0000000,0x00000006c060afd8,0x00000006c5080000)
 Metaspace       used 26945K, capacity 28258K, committed 28288K, reserved 1073152K
  class space    used 3678K, capacity 3949K, committed 3968K, reserved 1048576K
Event: 1.695 GC heap after
Heap after GC invocations=7 (full 1):
 PSYoungGen      total 246784K, used 8691K [0x000000076ab00000, 0x000000077bc00000, 0x00000007c0000000)
  eden space 238080K, 0% used [0x000000076ab00000,0x000000076ab00000,0x0000000779380000)
  from space 8704K, 99% used [0x000000077b380000,0x000000077bbfcd60,0x000000077bc00000)
  to   space 10240K, 0% used [0x000000077a800000,0x000000077a800000,0x000000077b200000)
 ParOldGen       total 82432K, used 7640K [0x00000006c0000000, 0x00000006c5080000, 0x000000076ab00000)
  object space 82432K, 9% used [0x00000006c0000000,0x00000006c0776128,0x00000006c5080000)
 Metaspace       used 26945K, capacity 28258K, committed 28288K, reserved 1073152K
  class space    used 3678K, capacity 3949K, committed 3968K, reserved 1048576K
}
Event: 2.259 GC heap before
{Heap before GC invocations=8 (full 1):
 PSYoungGen      total 246784K, used 170177K [0x000000076ab00000, 0x000000077bc00000, 0x00000007c0000000)
  eden space 238080K, 67% used [0x000000076ab00000,0x00000007748b37a8,0x0000000779380000)
  from space 8704K, 99% used [0x000000077b380000,0x000000077bbfcd60,0x000000077bc00000)
  to   space 10240K, 0% used [0x000000077a800000,0x000000077a800000,0x000000077b200000)
 ParOldGen       total 82432K, used 7640K [0x00000006c0000000, 0x00000006c5080000, 0x000000076ab00000)
  object space 82432K, 9% used [0x00000006c0000000,0x00000006c0776128,0x00000006c5080000)
 Metaspace       used 34160K, capacity 35982K, committed 36048K, reserved 1081344K
  class space    used 4707K, capacity 5095K, committed 5120K, reserved 1048576K
Event: 2.267 GC heap after
Heap after GC invocations=8 (full 1):
 PSYoungGen      total 269312K, used 10231K [0x000000076ab00000, 0x0000000786400000, 0x00000007c0000000)
  eden space 259072K, 0% used [0x000000076ab00000,0x000000076ab00000,0x000000077a800000)
  from space 10240K, 99% used [0x000000077a800000,0x000000077b1fde58,0x000000077b200000)
  to   space 13824K, 0% used [0x0000000785680000,0x0000000785680000,0x0000000786400000)
 ParOldGen       total 82432K, used 12290K [0x00000006c0000000, 0x00000006c5080000, 0x000000076ab00000)
  object space 82432K, 14% used [0x00000006c0000000,0x00000006c0c008d8,0x00000006c5080000)
 Metaspace       used 34160K, capacity 35982K, committed 36048K, reserved 1081344K
  class space    used 4707K, capacity 5095K, committed 5120K, reserved 1048576K
}
Event: 2.267 GC heap before
{Heap before GC invocations=9 (full 2):
 PSYoungGen      total 269312K, used 10231K [0x000000076ab00000, 0x0000000786400000, 0x00000007c0000000)
  eden space 259072K, 0% used [0x000000076ab00000,0x000000076ab00000,0x000000077a800000)
  from space 10240K, 99% used [0x000000077a800000,0x000000077b1fde58,0x000000077b200000)
  to   space 13824K, 0% used [0x0000000785680000,0x0000000785680000,0x0000000786400000)
 ParOldGen       total 82432K, used 12290K [0x00000006c0000000, 0x00000006c5080000, 0x000000076ab00000)
  object space 82432K, 14% used [0x00000006c0000000,0x00000006c0c008d8,0x00000006c5080000)
 Metaspace       used 34160K, capacity 35982K, committed 36048K, reserved 1081344K
  class space    used 4707K, capacity 5095K, committed 5120K, reserved 1048576K
Event: 2.328 GC heap after
Heap after GC invocations=9 (full 2):
 PSYoungGen      total 269312K, used 0K [0x000000076ab00000, 0x0000000786400000, 0x00000007c0000000)
  eden space 259072K, 0% used [0x000000076ab00000,0x000000076ab00000,0x000000077a800000)
  from space 10240K, 0% used [0x000000077a800000,0x000000077a800000,0x000000077b200000)
  to   space 13824K, 0% used [0x0000000785680000,0x0000000785680000,0x0000000786400000)
 ParOldGen       total 128000K, used 19562K [0x00000006c0000000, 0x00000006c7d00000, 0x000000076ab00000)
  object space 128000K, 15% used [0x00000006c0000000,0x00000006c131ab20,0x00000006c7d00000)
 Metaspace       used 34160K, capacity 35982K, committed 36048K, reserved 1081344K
  class space    used 4707K, capacity 5095K, committed 5120K, reserved 1048576K
}

