# JRE version: OpenJDK Runtime Environment (8.0_302) (build 1.8.0_302-bre_2021_08_14_22_07-b00)
# Java VM: OpenJDK 64-Bit Server VM (25.302-b00 mixed mode bsd-amd64 compressed oops)
Heap:
 PSYoungGen      total 342528K, used 20668K [0x000000076ab00000, 0x0000000781e80000, 0x00000007c0000000)
  eden space 329216K, 2% used [0x000000076ab00000,0x000000076b2372d0,0x000000077ec80000)
  from space 13312K, 99% used [0x0000000781180000,0x0000000781e78118,0x0000000781e80000)
  to   space 15872K, 0% used [0x000000077ff80000,0x000000077ff80000,0x0000000780f00000)
 ParOldGen       total 134656K, used 16814K [0x00000006c0000000, 0x00000006c8380000, 0x000000076ab00000)
  object space 134656K, 12% used [0x00000006c0000000,0x00000006c106bba0,0x00000006c8380000)
 Metaspace       used 46463K, capacity 49318K, committed 49536K, reserved 1091584K
  class space    used 6398K, capacity 6960K, committed 7040K, reserved 1048576K
GC Heap History (10 events):
Event: 1.539 GC heap before
{Heap before GC invocations=6 (full 1):
 PSYoungGen      total 141824K, used 131072K [0x000000076ab00000, 0x0000000774000000, 0x00000007c0000000)
  eden space 131072K, 100% used [0x000000076ab00000,0x0000000772b00000,0x0000000772b00000)
  from space 10752K, 0% used [0x0000000773580000,0x0000000773580000,0x0000000774000000)
  to   space 10752K, 0% used [0x0000000772b00000,0x0000000772b00000,0x0000000773580000)
 ParOldGen       total 91136K, used 6516K [0x00000006c0000000, 0x00000006c5900000, 0x000000076ab00000)
  object space 91136K, 7% used [0x00000006c0000000,0x00000006c065d230,0x00000006c5900000)
 Metaspace       used 26925K, capacity 28194K, committed 28288K, reserved 1073152K
  class space    used 3675K, capacity 3949K, committed 3968K, reserved 1048576K
Event: 1.545 GC heap after
Heap after GC invocations=6 (full 1):
 PSYoungGen      total 141824K, used 10430K [0x000000076ab00000, 0x0000000779780000, 0x00000007c0000000)
  eden space 131072K, 0% used [0x000000076ab00000,0x000000076ab00000,0x0000000772b00000)
  from space 10752K, 97% used [0x0000000772b00000,0x000000077352faf8,0x0000000773580000)
  to   space 11264K, 0% used [0x0000000778c80000,0x0000000778c80000,0x0000000779780000)
 ParOldGen       total 91136K, used 6524K [0x00000006c0000000, 0x00000006c5900000, 0x000000076ab00000)
  object space 91136K, 7% used [0x00000006c0000000,0x00000006c065f230,0x00000006c5900000)
 Metaspace       used 26925K, capacity 28194K, committed 28288K, reserved 1073152K
  class space    used 3675K, capacity 3949K, committed 3968K, reserved 1048576K
}
Event: 2.016 GC heap before
{Heap before GC invocations=7 (full 1):
 PSYoungGen      total 141824K, used 141502K [0x000000076ab00000, 0x0000000779780000, 0x00000007c0000000)
  eden space 131072K, 100% used [0x000000076ab00000,0x0000000772b00000,0x0000000772b00000)
  from space 10752K, 97% used [0x0000000772b00000,0x000000077352faf8,0x0000000773580000)
  to   space 11264K, 0% used [0x0000000778c80000,0x0000000778c80000,0x0000000779780000)
 ParOldGen       total 91136K, used 6524K [0x00000006c0000000, 0x00000006c5900000, 0x000000076ab00000)
  object space 91136K, 7% used [0x00000006c0000000,0x00000006c065f230,0x00000006c5900000)
 Metaspace       used 32358K, capacity 34076K, committed 34304K, reserved 1079296K
  class space    used 4471K, capacity 4800K, committed 4864K, reserved 1048576K
Event: 2.024 GC heap after
Heap after GC invocations=7 (full 1):
 PSYoungGen      total 226304K, used 11238K [0x000000076ab00000, 0x0000000779780000, 0x00000007c0000000)
  eden space 215040K, 0% used [0x000000076ab00000,0x000000076ab00000,0x0000000777d00000)
  from space 11264K, 99% used [0x0000000778c80000,0x00000007797799f0,0x0000000779780000)
  to   space 13312K, 0% used [0x0000000777d80000,0x0000000777d80000,0x0000000778a80000)
 ParOldGen       total 91136K, used 8233K [0x00000006c0000000, 0x00000006c5900000, 0x000000076ab00000)
  object space 91136K, 9% used [0x00000006c0000000,0x00000006c080a460,0x00000006c5900000)
 Metaspace       used 32358K, capacity 34076K, committed 34304K, reserved 1079296K
  class space    used 4471K, capacity 4800K, committed 4864K, reserved 1048576K
}
Event: 2.157 GC heap before
{Heap before GC invocations=8 (full 1):
 PSYoungGen      total 226304K, used 41657K [0x000000076ab00000, 0x0000000779780000, 0x00000007c0000000)
  eden space 215040K, 14% used [0x000000076ab00000,0x000000076c8b4cc8,0x0000000777d00000)
  from space 11264K, 99% used [0x0000000778c80000,0x00000007797799f0,0x0000000779780000)
  to   space 13312K, 0% used [0x0000000777d80000,0x0000000777d80000,0x0000000778a80000)
 ParOldGen       total 91136K, used 8233K [0x00000006c0000000, 0x00000006c5900000, 0x000000076ab00000)
  object space 91136K, 9% used [0x00000006c0000000,0x00000006c080a460,0x00000006c5900000)
 Metaspace       used 33581K, capacity 35374K, committed 35496K, reserved 1079296K
  class space    used 4629K, capacity 5007K, committed 5120K, reserved 1048576K
Event: 2.162 GC heap after
Heap after GC invocations=8 (full 1):
 PSYoungGen      total 228864K, used 9334K [0x000000076ab00000, 0x0000000781e80000, 0x00000007c0000000)
  eden space 215552K, 0% used [0x000000076ab00000,0x000000076ab00000,0x0000000777d80000)
  from space 13312K, 70% used [0x0000000777d80000,0x000000077869da28,0x0000000778a80000)
  to   space 13312K, 0% used [0x0000000781180000,0x0000000781180000,0x0000000781e80000)
 ParOldGen       total 91136K, used 8241K [0x00000006c0000000, 0x00000006c5900000, 0x000000076ab00000)
  object space 91136K, 9% used [0x00000006c0000000,0x00000006c080c460,0x00000006c5900000)
 Metaspace       used 33581K, capacity 35374K, committed 35496K, reserved 1079296K
  class space    used 4629K, capacity 5007K, committed 5120K, reserved 1048576K
}
Event: 2.162 GC heap before
{Heap before GC invocations=9 (full 2):
 PSYoungGen      total 228864K, used 9334K [0x000000076ab00000, 0x0000000781e80000, 0x00000007c0000000)
  eden space 215552K, 0% used [0x000000076ab00000,0x000000076ab00000,0x0000000777d80000)
  from space 13312K, 70% used [0x0000000777d80000,0x000000077869da28,0x0000000778a80000)
  to   space 13312K, 0% used [0x0000000781180000,0x0000000781180000,0x0000000781e80000)
 ParOldGen       total 91136K, used 8241K [0x00000006c0000000, 0x00000006c5900000, 0x000000076ab00000)
  object space 91136K, 9% used [0x00000006c0000000,0x00000006c080c460,0x00000006c5900000)
 Metaspace       used 33581K, capacity 35374K, committed 35496K, reserved 1079296K
  class space    used 4629K, capacity 5007K, committed 5120K, reserved 1048576K
Event: 2.191 GC heap after
Heap after GC invocations=9 (full 2):
 PSYoungGen      total 228864K, used 0K [0x000000076ab00000, 0x0000000781e80000, 0x00000007c0000000)
  eden space 215552K, 0% used [0x000000076ab00000,0x000000076ab00000,0x0000000777d80000)
  from space 13312K, 0% used [0x0000000777d80000,0x0000000777d80000,0x0000000778a80000)
  to   space 13312K, 0% used [0x0000000781180000,0x0000000781180000,0x0000000781e80000)
 ParOldGen       total 134656K, used 14582K [0x00000006c0000000, 0x00000006c8380000, 0x000000076ab00000)
  object space 134656K, 10% used [0x00000006c0000000,0x00000006c0e3db18,0x00000006c8380000)
 Metaspace       used 33581K, capacity 35374K, committed 35496K, reserved 1079296K
  class space    used 4629K, capacity 5007K, committed 5120K, reserved 1048576K
}
Event: 25.110 GC heap before
{Heap before GC invocations=10 (full 2):
 PSYoungGen      total 228864K, used 215552K [0x000000076ab00000, 0x0000000781e80000, 0x00000007c0000000)
  eden space 215552K, 100% used [0x000000076ab00000,0x0000000777d80000,0x0000000777d80000)
  from space 13312K, 0% used [0x0000000777d80000,0x0000000777d80000,0x0000000778a80000)
  to   space 13312K, 0% used [0x0000000781180000,0x0000000781180000,0x0000000781e80000)
 ParOldGen       total 134656K, used 14582K [0x00000006c0000000, 0x00000006c8380000, 0x000000076ab00000)
  object space 134656K, 10% used [0x00000006c0000000,0x00000006c0e3db18,0x00000006c8380000)
 Metaspace       used 46205K, capacity 49010K, committed 49152K, reserved 1091584K
  class space    used 6357K, capacity 6900K, committed 6912K, reserved 1048576K
Event: 25.121 GC heap after
Heap after GC invocations=10 (full 2):
 PSYoungGen      total 342528K, used 13280K [0x000000076ab00000, 0x0000000781e80000, 0x00000007c0000000)
  eden space 329216K, 0% used [0x000000076ab00000,0x000000076ab00000,0x000000077ec80000)
  from space 13312K, 99% used [0x0000000781180000,0x0000000781e78118,0x0000000781e80000)
  to   space 15872K, 0% used [0x000000077ff80000,0x000000077ff80000,0x0000000780f00000)
 ParOldGen       total 134656K, used 16814K [0x00000006c0000000, 0x00000006c8380000, 0x000000076ab00000)
  object space 134656K, 12% used [0x00000006c0000000,0x00000006c106bba0,0x00000006c8380000)
 Metaspace       used 46205K, capacity 49010K, committed 49152K, reserved 1091584K
  class space    used 6357K, capacity 6900K, committed 6912K, reserved 1048576K
}

