# JRE version: OpenJDK Runtime Environment (8.0_302) (build 1.8.0_302-bre_2021_08_14_22_07-b00)
# Java VM: OpenJDK 64-Bit Server VM (25.302-b00 mixed mode bsd-amd64 compressed oops)
Heap:
 PSYoungGen      total 269824K, used 157283K [0x000000076ab00000, 0x0000000784280000, 0x00000007c0000000)
  eden space 259072K, 60% used [0x000000076ab00000,0x0000000774498e40,0x000000077a800000)
  from space 10752K, 0% used [0x000000077a800000,0x000000077a800000,0x000000077b280000)
  to   space 13824K, 0% used [0x0000000783500000,0x0000000783500000,0x0000000784280000)
 ParOldGen       total 137216K, used 19538K [0x00000006c0000000, 0x00000006c8600000, 0x000000076ab00000)
  object space 137216K, 14% used [0x00000006c0000000,0x00000006c1314b78,0x00000006c8600000)
 Metaspace       used 42155K, capacity 44828K, committed 45008K, reserved 1087488K
  class space    used 5842K, capacity 6333K, committed 6400K, reserved 1048576K
GC Heap History (10 events):
Event: 1.121 GC heap before
{Heap before GC invocations=5 (full 0):
 PSYoungGen      total 141824K, used 19445K [0x000000076ab00000, 0x0000000774000000, 0x00000007c0000000)
  eden space 131072K, 9% used [0x000000076ab00000,0x000000076b79b038,0x0000000772b00000)
  from space 10752K, 60% used [0x0000000773580000,0x0000000773be26c8,0x0000000774000000)
  to   space 10752K, 0% used [0x0000000772b00000,0x0000000772b00000,0x0000000773580000)
 ParOldGen       total 175104K, used 104K [0x00000006c0000000, 0x00000006cab00000, 0x000000076ab00000)
  object space 175104K, 0% used [0x00000006c0000000,0x00000006c001a010,0x00000006cab00000)
 Metaspace       used 20608K, capacity 21502K, committed 21628K, reserved 1069056K
  class space    used 2822K, capacity 3027K, committed 3072K, reserved 1048576K
Event: 1.126 GC heap after
Heap after GC invocations=5 (full 0):
 PSYoungGen      total 141824K, used 6393K [0x000000076ab00000, 0x000000077bd00000, 0x00000007c0000000)
  eden space 131072K, 0% used [0x000000076ab00000,0x000000076ab00000,0x0000000772b00000)
  from space 10752K, 59% used [0x0000000772b00000,0x000000077313e770,0x0000000773580000)
  to   space 9216K, 0% used [0x000000077b400000,0x000000077b400000,0x000000077bd00000)
 ParOldGen       total 175104K, used 112K [0x00000006c0000000, 0x00000006cab00000, 0x000000076ab00000)
  object space 175104K, 0% used [0x00000006c0000000,0x00000006c001c010,0x00000006cab00000)
 Metaspace       used 20608K, capacity 21502K, committed 21628K, reserved 1069056K
  class space    used 2822K, capacity 3027K, committed 3072K, reserved 1048576K
}
Event: 1.126 GC heap before
{Heap before GC invocations=6 (full 1):
 PSYoungGen      total 141824K, used 6393K [0x000000076ab00000, 0x000000077bd00000, 0x00000007c0000000)
  eden space 131072K, 0% used [0x000000076ab00000,0x000000076ab00000,0x0000000772b00000)
  from space 10752K, 59% used [0x0000000772b00000,0x000000077313e770,0x0000000773580000)
  to   space 9216K, 0% used [0x000000077b400000,0x000000077b400000,0x000000077bd00000)
 ParOldGen       total 175104K, used 112K [0x00000006c0000000, 0x00000006cab00000, 0x000000076ab00000)
  object space 175104K, 0% used [0x00000006c0000000,0x00000006c001c010,0x00000006cab00000)
 Metaspace       used 20608K, capacity 21502K, committed 21628K, reserved 1069056K
  class space    used 2822K, capacity 3027K, committed 3072K, reserved 1048576K
Event: 1.148 GC heap after
Heap after GC invocations=6 (full 1):
 PSYoungGen      total 141824K, used 0K [0x000000076ab00000, 0x000000077bd00000, 0x00000007c0000000)
  eden space 131072K, 0% used [0x000000076ab00000,0x000000076ab00000,0x0000000772b00000)
  from space 10752K, 0% used [0x0000000772b00000,0x0000000772b00000,0x0000000773580000)
  to   space 9216K, 0% used [0x000000077b400000,0x000000077b400000,0x000000077bd00000)
 ParOldGen       total 86528K, used 6237K [0x00000006c0000000, 0x00000006c5480000, 0x000000076ab00000)
  object space 86528K, 7% used [0x00000006c0000000,0x00000006c06176a8,0x00000006c5480000)
 Metaspace       used 20608K, capacity 21502K, committed 21628K, reserved 1069056K
  class space    used 2822K, capacity 3027K, committed 3072K, reserved 1048576K
}
Event: 1.633 GC heap before
{Heap before GC invocations=7 (full 1):
 PSYoungGen      total 141824K, used 131072K [0x000000076ab00000, 0x000000077bd00000, 0x00000007c0000000)
  eden space 131072K, 100% used [0x000000076ab00000,0x0000000772b00000,0x0000000772b00000)
  from space 10752K, 0% used [0x0000000772b00000,0x0000000772b00000,0x0000000773580000)
  to   space 9216K, 0% used [0x000000077b400000,0x000000077b400000,0x000000077bd00000)
 ParOldGen       total 86528K, used 6237K [0x00000006c0000000, 0x00000006c5480000, 0x000000076ab00000)
  object space 86528K, 7% used [0x00000006c0000000,0x00000006c06176a8,0x00000006c5480000)
 Metaspace       used 26955K, capacity 28258K, committed 28288K, reserved 1073152K
  class space    used 3676K, capacity 3949K, committed 3968K, reserved 1048576K
Event: 1.639 GC heap after
Heap after GC invocations=7 (full 1):
 PSYoungGen      total 238080K, used 9207K [0x000000076ab00000, 0x000000077bd00000, 0x00000007c0000000)
  eden space 228864K, 0% used [0x000000076ab00000,0x000000076ab00000,0x0000000778a80000)
  from space 9216K, 99% used [0x000000077b400000,0x000000077bcfdc20,0x000000077bd00000)
  to   space 10752K, 0% used [0x000000077a800000,0x000000077a800000,0x000000077b280000)
 ParOldGen       total 86528K, used 7224K [0x00000006c0000000, 0x00000006c5480000, 0x000000076ab00000)
  object space 86528K, 8% used [0x00000006c0000000,0x00000006c070e3a0,0x00000006c5480000)
 Metaspace       used 26955K, capacity 28258K, committed 28288K, reserved 1073152K
  class space    used 3676K, capacity 3949K, committed 3968K, reserved 1048576K
}
Event: 2.245 GC heap before
{Heap before GC invocations=8 (full 1):
 PSYoungGen      total 238080K, used 173533K [0x000000076ab00000, 0x000000077bd00000, 0x00000007c0000000)
  eden space 228864K, 71% used [0x000000076ab00000,0x0000000774b799b8,0x0000000778a80000)
  from space 9216K, 99% used [0x000000077b400000,0x000000077bcfdc20,0x000000077bd00000)
  to   space 10752K, 0% used [0x000000077a800000,0x000000077a800000,0x000000077b280000)
 ParOldGen       total 86528K, used 7224K [0x00000006c0000000, 0x00000006c5480000, 0x000000076ab00000)
  object space 86528K, 8% used [0x00000006c0000000,0x00000006c070e3a0,0x00000006c5480000)
 Metaspace       used 34144K, capacity 35976K, committed 36048K, reserved 1081344K
  class space    used 4705K, capacity 5092K, committed 5120K, reserved 1048576K
Event: 2.252 GC heap after
Heap after GC invocations=8 (full 1):
 PSYoungGen      total 269824K, used 10731K [0x000000076ab00000, 0x0000000784280000, 0x00000007c0000000)
  eden space 259072K, 0% used [0x000000076ab00000,0x000000076ab00000,0x000000077a800000)
  from space 10752K, 99% used [0x000000077a800000,0x000000077b27ae60,0x000000077b280000)
  to   space 13824K, 0% used [0x0000000783500000,0x0000000783500000,0x0000000784280000)
 ParOldGen       total 86528K, used 11282K [0x00000006c0000000, 0x00000006c5480000, 0x000000076ab00000)
  object space 86528K, 13% used [0x00000006c0000000,0x00000006c0b04bf8,0x00000006c5480000)
 Metaspace       used 34144K, capacity 35976K, committed 36048K, reserved 1081344K
  class space    used 4705K, capacity 5092K, committed 5120K, reserved 1048576K
}
Event: 2.252 GC heap before
{Heap before GC invocations=9 (full 2):
 PSYoungGen      total 269824K, used 10731K [0x000000076ab00000, 0x0000000784280000, 0x00000007c0000000)
  eden space 259072K, 0% used [0x000000076ab00000,0x000000076ab00000,0x000000077a800000)
  from space 10752K, 99% used [0x000000077a800000,0x000000077b27ae60,0x000000077b280000)
  to   space 13824K, 0% used [0x0000000783500000,0x0000000783500000,0x0000000784280000)
 ParOldGen       total 86528K, used 11282K [0x00000006c0000000, 0x00000006c5480000, 0x000000076ab00000)
  object space 86528K, 13% used [0x00000006c0000000,0x00000006c0b04bf8,0x00000006c5480000)
 Metaspace       used 34144K, capacity 35976K, committed 36048K, reserved 1081344K
  class space    used 4705K, capacity 5092K, committed 5120K, reserved 1048576K
Event: 2.310 GC heap after
Heap after GC invocations=9 (full 2):
 PSYoungGen      total 269824K, used 0K [0x000000076ab00000, 0x0000000784280000, 0x00000007c0000000)
  eden space 259072K, 0% used [0x000000076ab00000,0x000000076ab00000,0x000000077a800000)
  from space 10752K, 0% used [0x000000077a800000,0x000000077a800000,0x000000077b280000)
  to   space 13824K, 0% used [0x0000000783500000,0x0000000783500000,0x0000000784280000)
 ParOldGen       total 137216K, used 19538K [0x00000006c0000000, 0x00000006c8600000, 0x000000076ab00000)
  object space 137216K, 14% used [0x00000006c0000000,0x00000006c1314b78,0x00000006c8600000)
 Metaspace       used 34144K, capacity 35976K, committed 36048K, reserved 1081344K
  class space    used 4705K, capacity 5092K, committed 5120K, reserved 1048576K
}

