# JRE version: OpenJDK Runtime Environment (8.0_302) (build 1.8.0_302-bre_2021_08_14_22_07-b00)
# Java VM: OpenJDK 64-Bit Server VM (25.302-b00 mixed mode bsd-amd64 compressed oops)
Heap:
 PSYoungGen      total 224256K, used 210527K [0x000000076ab00000, 0x0000000781280000, 0x00000007c0000000)
  eden space 210944K, 99% used [0x000000076ab00000,0x0000000777897dd0,0x0000000777900000)
  from space 13312K, 0% used [0x0000000777900000,0x0000000777900000,0x0000000778600000)
  to   space 13312K, 0% used [0x0000000780580000,0x0000000780580000,0x0000000781280000)
 ParOldGen       total 139776K, used 14696K [0x00000006c0000000, 0x00000006c8880000, 0x000000076ab00000)
  object space 139776K, 10% used [0x00000006c0000000,0x00000006c0e5a2e0,0x00000006c8880000)
 Metaspace       used 46413K, capacity 49366K, committed 49536K, reserved 1091584K
  class space    used 6385K, capacity 6960K, committed 7040K, reserved 1048576K
GC Heap History (10 events):
Event: 1.009 GC heap before
{Heap before GC invocations=5 (full 1):
 PSYoungGen      total 141824K, used 6697K [0x000000076ab00000, 0x0000000774000000, 0x00000007c0000000)
  eden space 131072K, 0% used [0x000000076ab00000,0x000000076ab00000,0x0000000772b00000)
  from space 10752K, 62% used [0x0000000773580000,0x0000000773c0a720,0x0000000774000000)
  to   space 10752K, 0% used [0x0000000772b00000,0x0000000772b00000,0x0000000773580000)
 ParOldGen       total 175104K, used 112K [0x00000006c0000000, 0x00000006cab00000, 0x000000076ab00000)
  object space 175104K, 0% used [0x00000006c0000000,0x00000006c001c010,0x00000006cab00000)
 Metaspace       used 20256K, capacity 21154K, committed 21248K, reserved 1067008K
  class space    used 2776K, capacity 2981K, committed 3072K, reserved 1048576K
Event: 1.028 GC heap after
Heap after GC invocations=5 (full 1):
 PSYoungGen      total 141824K, used 0K [0x000000076ab00000, 0x0000000774000000, 0x00000007c0000000)
  eden space 131072K, 0% used [0x000000076ab00000,0x000000076ab00000,0x0000000772b00000)
  from space 10752K, 0% used [0x0000000773580000,0x0000000773580000,0x0000000774000000)
  to   space 10752K, 0% used [0x0000000772b00000,0x0000000772b00000,0x0000000773580000)
 ParOldGen       total 93184K, used 6531K [0x00000006c0000000, 0x00000006c5b00000, 0x000000076ab00000)
  object space 93184K, 7% used [0x00000006c0000000,0x00000006c0660e18,0x00000006c5b00000)
 Metaspace       used 20256K, capacity 21154K, committed 21248K, reserved 1067008K
  class space    used 2776K, capacity 2981K, committed 3072K, reserved 1048576K
}
Event: 1.449 GC heap before
{Heap before GC invocations=6 (full 1):
 PSYoungGen      total 141824K, used 131072K [0x000000076ab00000, 0x0000000774000000, 0x00000007c0000000)
  eden space 131072K, 100% used [0x000000076ab00000,0x0000000772b00000,0x0000000772b00000)
  from space 10752K, 0% used [0x0000000773580000,0x0000000773580000,0x0000000774000000)
  to   space 10752K, 0% used [0x0000000772b00000,0x0000000772b00000,0x0000000773580000)
 ParOldGen       total 93184K, used 6531K [0x00000006c0000000, 0x00000006c5b00000, 0x000000076ab00000)
  object space 93184K, 7% used [0x00000006c0000000,0x00000006c0660e18,0x00000006c5b00000)
 Metaspace       used 26880K, capacity 28180K, committed 28288K, reserved 1073152K
  class space    used 3668K, capacity 3948K, committed 3968K, reserved 1048576K
Event: 1.454 GC heap after
Heap after GC invocations=6 (full 1):
 PSYoungGen      total 141824K, used 10302K [0x000000076ab00000, 0x0000000779200000, 0x00000007c0000000)
  eden space 131072K, 0% used [0x000000076ab00000,0x000000076ab00000,0x0000000772b00000)
  from space 10752K, 95% used [0x0000000772b00000,0x000000077350f880,0x0000000773580000)
  to   space 10752K, 0% used [0x0000000778780000,0x0000000778780000,0x0000000779200000)
 ParOldGen       total 93184K, used 6539K [0x00000006c0000000, 0x00000006c5b00000, 0x000000076ab00000)
  object space 93184K, 7% used [0x00000006c0000000,0x00000006c0662e18,0x00000006c5b00000)
 Metaspace       used 26880K, capacity 28180K, committed 28288K, reserved 1073152K
  class space    used 3668K, capacity 3948K, committed 3968K, reserved 1048576K
}
Event: 1.893 GC heap before
{Heap before GC invocations=7 (full 1):
 PSYoungGen      total 141824K, used 141374K [0x000000076ab00000, 0x0000000779200000, 0x00000007c0000000)
  eden space 131072K, 100% used [0x000000076ab00000,0x0000000772b00000,0x0000000772b00000)
  from space 10752K, 95% used [0x0000000772b00000,0x000000077350f880,0x0000000773580000)
  to   space 10752K, 0% used [0x0000000778780000,0x0000000778780000,0x0000000779200000)
 ParOldGen       total 93184K, used 6539K [0x00000006c0000000, 0x00000006c5b00000, 0x000000076ab00000)
  object space 93184K, 7% used [0x00000006c0000000,0x00000006c0662e18,0x00000006c5b00000)
 Metaspace       used 32228K, capacity 33894K, committed 34048K, reserved 1079296K
  class space    used 4447K, capacity 4767K, committed 4864K, reserved 1048576K
Event: 1.901 GC heap after
Heap after GC invocations=7 (full 1):
 PSYoungGen      total 221696K, used 10749K [0x000000076ab00000, 0x0000000779300000, 0x00000007c0000000)
  eden space 210944K, 0% used [0x000000076ab00000,0x000000076ab00000,0x0000000777900000)
  from space 10752K, 99% used [0x0000000778780000,0x00000007791ff408,0x0000000779200000)
  to   space 13312K, 0% used [0x0000000777900000,0x0000000777900000,0x0000000778600000)
 ParOldGen       total 93184K, used 8759K [0x00000006c0000000, 0x00000006c5b00000, 0x000000076ab00000)
  object space 93184K, 9% used [0x00000006c0000000,0x00000006c088dda8,0x00000006c5b00000)
 Metaspace       used 32228K, capacity 33894K, committed 34048K, reserved 1079296K
  class space    used 4447K, capacity 4767K, committed 4864K, reserved 1048576K
}
Event: 2.036 GC heap before
{Heap before GC invocations=8 (full 1):
 PSYoungGen      total 221696K, used 39174K [0x000000076ab00000, 0x0000000779300000, 0x00000007c0000000)
  eden space 210944K, 13% used [0x000000076ab00000,0x000000076c6c2420,0x0000000777900000)
  from space 10752K, 99% used [0x0000000778780000,0x00000007791ff408,0x0000000779200000)
  to   space 13312K, 0% used [0x0000000777900000,0x0000000777900000,0x0000000778600000)
 ParOldGen       total 93184K, used 8759K [0x00000006c0000000, 0x00000006c5b00000, 0x000000076ab00000)
  object space 93184K, 9% used [0x00000006c0000000,0x00000006c088dda8,0x00000006c5b00000)
 Metaspace       used 33528K, capacity 35280K, committed 35416K, reserved 1079296K
  class space    used 4621K, capacity 5000K, committed 5120K, reserved 1048576K
Event: 2.041 GC heap after
Heap after GC invocations=8 (full 1):
 PSYoungGen      total 224256K, used 9394K [0x000000076ab00000, 0x0000000781280000, 0x00000007c0000000)
  eden space 210944K, 0% used [0x000000076ab00000,0x000000076ab00000,0x0000000777900000)
  from space 13312K, 70% used [0x0000000777900000,0x000000077822cac0,0x0000000778600000)
  to   space 13312K, 0% used [0x0000000780580000,0x0000000780580000,0x0000000781280000)
 ParOldGen       total 93184K, used 8767K [0x00000006c0000000, 0x00000006c5b00000, 0x000000076ab00000)
  object space 93184K, 9% used [0x00000006c0000000,0x00000006c088fda8,0x00000006c5b00000)
 Metaspace       used 33528K, capacity 35280K, committed 35416K, reserved 1079296K
  class space    used 4621K, capacity 5000K, committed 5120K, reserved 1048576K
}
Event: 2.041 GC heap before
{Heap before GC invocations=9 (full 2):
 PSYoungGen      total 224256K, used 9394K [0x000000076ab00000, 0x0000000781280000, 0x00000007c0000000)
  eden space 210944K, 0% used [0x000000076ab00000,0x000000076ab00000,0x0000000777900000)
  from space 13312K, 70% used [0x0000000777900000,0x000000077822cac0,0x0000000778600000)
  to   space 13312K, 0% used [0x0000000780580000,0x0000000780580000,0x0000000781280000)
 ParOldGen       total 93184K, used 8767K [0x00000006c0000000, 0x00000006c5b00000, 0x000000076ab00000)
  object space 93184K, 9% used [0x00000006c0000000,0x00000006c088fda8,0x00000006c5b00000)
 Metaspace       used 33528K, capacity 35280K, committed 35416K, reserved 1079296K
  class space    used 4621K, capacity 5000K, committed 5120K, reserved 1048576K
Event: 2.068 GC heap after
Heap after GC invocations=9 (full 2):
 PSYoungGen      total 224256K, used 0K [0x000000076ab00000, 0x0000000781280000, 0x00000007c0000000)
  eden space 210944K, 0% used [0x000000076ab00000,0x000000076ab00000,0x0000000777900000)
  from space 13312K, 0% used [0x0000000777900000,0x0000000777900000,0x0000000778600000)
  to   space 13312K, 0% used [0x0000000780580000,0x0000000780580000,0x0000000781280000)
 ParOldGen       total 139776K, used 14696K [0x00000006c0000000, 0x00000006c8880000, 0x000000076ab00000)
  object space 139776K, 10% used [0x00000006c0000000,0x00000006c0e5a2e0,0x00000006c8880000)
 Metaspace       used 33528K, capacity 35280K, committed 35416K, reserved 1079296K
  class space    used 4621K, capacity 5000K, committed 5120K, reserved 1048576K
}

