# JRE version: OpenJDK Runtime Environment (8.0_302) (build 1.8.0_302-bre_2021_08_14_22_07-b00)
# Java VM: OpenJDK 64-Bit Server VM (25.302-b00 mixed mode bsd-amd64 compressed oops)
Heap:
 PSYoungGen      total 324608K, used 24998K [0x000000076ab00000, 0x0000000780680000, 0x00000007c0000000)
  eden space 311296K, 3% used [0x000000076ab00000,0x000000076b66e350,0x000000077db00000)
  from space 13312K, 99% used [0x000000077f980000,0x000000078067b540,0x0000000780680000)
  to   space 15360K, 0% used [0x000000077e880000,0x000000077e880000,0x000000077f780000)
 ParOldGen       total 142848K, used 16464K [0x00000006c0000000, 0x00000006c8b80000, 0x000000076ab00000)
  object space 142848K, 11% used [0x00000006c0000000,0x00000006c1014208,0x00000006c8b80000)
 Metaspace       used 46472K, capacity 49383K, committed 49496K, reserved 1091584K
  class space    used 6395K, capacity 6961K, committed 7040K, reserved 1048576K
GC Heap History (10 events):
Event: 1.394 GC heap before
{Heap before GC invocations=6 (full 1):
 PSYoungGen      total 141824K, used 131072K [0x000000076ab00000, 0x0000000774000000, 0x00000007c0000000)
  eden space 131072K, 100% used [0x000000076ab00000,0x0000000772b00000,0x0000000772b00000)
  from space 10752K, 0% used [0x0000000773580000,0x0000000773580000,0x0000000774000000)
  to   space 10752K, 0% used [0x0000000772b00000,0x0000000772b00000,0x0000000773580000)
 ParOldGen       total 95744K, used 6539K [0x00000006c0000000, 0x00000006c5d80000, 0x000000076ab00000)
  object space 95744K, 6% used [0x00000006c0000000,0x00000006c0662e38,0x00000006c5d80000)
 Metaspace       used 26910K, capacity 28260K, committed 28288K, reserved 1073152K
  class space    used 3664K, capacity 3948K, committed 3968K, reserved 1048576K
Event: 1.400 GC heap after
Heap after GC invocations=6 (full 1):
 PSYoungGen      total 141824K, used 10242K [0x000000076ab00000, 0x0000000778e00000, 0x00000007c0000000)
  eden space 131072K, 0% used [0x000000076ab00000,0x000000076ab00000,0x0000000772b00000)
  from space 10752K, 95% used [0x0000000772b00000,0x00000007735009a0,0x0000000773580000)
  to   space 10752K, 0% used [0x0000000778380000,0x0000000778380000,0x0000000778e00000)
 ParOldGen       total 95744K, used 6547K [0x00000006c0000000, 0x00000006c5d80000, 0x000000076ab00000)
  object space 95744K, 6% used [0x00000006c0000000,0x00000006c0664e38,0x00000006c5d80000)
 Metaspace       used 26910K, capacity 28260K, committed 28288K, reserved 1073152K
  class space    used 3664K, capacity 3948K, committed 3968K, reserved 1048576K
}
Event: 1.913 GC heap before
{Heap before GC invocations=7 (full 1):
 PSYoungGen      total 141824K, used 141314K [0x000000076ab00000, 0x0000000778e00000, 0x00000007c0000000)
  eden space 131072K, 100% used [0x000000076ab00000,0x0000000772b00000,0x0000000772b00000)
  from space 10752K, 95% used [0x0000000772b00000,0x00000007735009a0,0x0000000773580000)
  to   space 10752K, 0% used [0x0000000778380000,0x0000000778380000,0x0000000778e00000)
 ParOldGen       total 95744K, used 6547K [0x00000006c0000000, 0x00000006c5d80000, 0x000000076ab00000)
  object space 95744K, 6% used [0x00000006c0000000,0x00000006c0664e38,0x00000006c5d80000)
 Metaspace       used 32269K, capacity 33974K, committed 34304K, reserved 1079296K
  class space    used 4450K, capacity 4767K, committed 4864K, reserved 1048576K
Event: 1.921 GC heap after
Heap after GC invocations=7 (full 1):
 PSYoungGen      total 217088K, used 10745K [0x000000076ab00000, 0x0000000778e80000, 0x00000007c0000000)
  eden space 206336K, 0% used [0x000000076ab00000,0x000000076ab00000,0x0000000777480000)
  from space 10752K, 99% used [0x0000000778380000,0x0000000778dfe6b8,0x0000000778e00000)
  to   space 13312K, 0% used [0x0000000777480000,0x0000000777480000,0x0000000778180000)
 ParOldGen       total 95744K, used 8728K [0x00000006c0000000, 0x00000006c5d80000, 0x000000076ab00000)
  object space 95744K, 9% used [0x00000006c0000000,0x00000006c0886378,0x00000006c5d80000)
 Metaspace       used 32269K, capacity 33974K, committed 34304K, reserved 1079296K
  class space    used 4450K, capacity 4767K, committed 4864K, reserved 1048576K
}
Event: 2.042 GC heap before
{Heap before GC invocations=8 (full 1):
 PSYoungGen      total 217088K, used 38212K [0x000000076ab00000, 0x0000000778e80000, 0x00000007c0000000)
  eden space 206336K, 13% used [0x000000076ab00000,0x000000076c5d2988,0x0000000777480000)
  from space 10752K, 99% used [0x0000000778380000,0x0000000778dfe6b8,0x0000000778e00000)
  to   space 13312K, 0% used [0x0000000777480000,0x0000000777480000,0x0000000778180000)
 ParOldGen       total 95744K, used 8728K [0x00000006c0000000, 0x00000006c5d80000, 0x000000076ab00000)
  object space 95744K, 9% used [0x00000006c0000000,0x00000006c0886378,0x00000006c5d80000)
 Metaspace       used 33454K, capacity 35257K, committed 35416K, reserved 1079296K
  class space    used 4610K, capacity 4992K, committed 4992K, reserved 1048576K
Event: 2.047 GC heap after
Heap after GC invocations=8 (full 1):
 PSYoungGen      total 219648K, used 9209K [0x000000076ab00000, 0x0000000780680000, 0x00000007c0000000)
  eden space 206336K, 0% used [0x000000076ab00000,0x000000076ab00000,0x0000000777480000)
  from space 13312K, 69% used [0x0000000777480000,0x0000000777d7e670,0x0000000778180000)
  to   space 13312K, 0% used [0x000000077f980000,0x000000077f980000,0x0000000780680000)
 ParOldGen       total 95744K, used 8736K [0x00000006c0000000, 0x00000006c5d80000, 0x000000076ab00000)
  object space 95744K, 9% used [0x00000006c0000000,0x00000006c0888378,0x00000006c5d80000)
 Metaspace       used 33454K, capacity 35257K, committed 35416K, reserved 1079296K
  class space    used 4610K, capacity 4992K, committed 4992K, reserved 1048576K
}
Event: 2.047 GC heap before
{Heap before GC invocations=9 (full 2):
 PSYoungGen      total 219648K, used 9209K [0x000000076ab00000, 0x0000000780680000, 0x00000007c0000000)
  eden space 206336K, 0% used [0x000000076ab00000,0x000000076ab00000,0x0000000777480000)
  from space 13312K, 69% used [0x0000000777480000,0x0000000777d7e670,0x0000000778180000)
  to   space 13312K, 0% used [0x000000077f980000,0x000000077f980000,0x0000000780680000)
 ParOldGen       total 95744K, used 8736K [0x00000006c0000000, 0x00000006c5d80000, 0x000000076ab00000)
  object space 95744K, 9% used [0x00000006c0000000,0x00000006c0888378,0x00000006c5d80000)
 Metaspace       used 33454K, capacity 35257K, committed 35416K, reserved 1079296K
  class space    used 4610K, capacity 4992K, committed 4992K, reserved 1048576K
Event: 2.073 GC heap after
Heap after GC invocations=9 (full 2):
 PSYoungGen      total 219648K, used 0K [0x000000076ab00000, 0x0000000780680000, 0x00000007c0000000)
  eden space 206336K, 0% used [0x000000076ab00000,0x000000076ab00000,0x0000000777480000)
  from space 13312K, 0% used [0x0000000777480000,0x0000000777480000,0x0000000778180000)
  to   space 13312K, 0% used [0x000000077f980000,0x000000077f980000,0x0000000780680000)
 ParOldGen       total 142848K, used 14540K [0x00000006c0000000, 0x00000006c8b80000, 0x000000076ab00000)
  object space 142848K, 10% used [0x00000006c0000000,0x00000006c0e33340,0x00000006c8b80000)
 Metaspace       used 33454K, capacity 35257K, committed 35416K, reserved 1079296K
  class space    used 4610K, capacity 4992K, committed 4992K, reserved 1048576K
}
Event: 13.985 GC heap before
{Heap before GC invocations=10 (full 2):
 PSYoungGen      total 219648K, used 206336K [0x000000076ab00000, 0x0000000780680000, 0x00000007c0000000)
  eden space 206336K, 100% used [0x000000076ab00000,0x0000000777480000,0x0000000777480000)
  from space 13312K, 0% used [0x0000000777480000,0x0000000777480000,0x0000000778180000)
  to   space 13312K, 0% used [0x000000077f980000,0x000000077f980000,0x0000000780680000)
 ParOldGen       total 142848K, used 14540K [0x00000006c0000000, 0x00000006c8b80000, 0x000000076ab00000)
  object space 142848K, 10% used [0x00000006c0000000,0x00000006c0e33340,0x00000006c8b80000)
 Metaspace       used 45955K, capacity 48771K, committed 48856K, reserved 1091584K
  class space    used 6307K, capacity 6849K, committed 6912K, reserved 1048576K
Event: 13.996 GC heap after
Heap after GC invocations=10 (full 2):
 PSYoungGen      total 324608K, used 13293K [0x000000076ab00000, 0x0000000780680000, 0x00000007c0000000)
  eden space 311296K, 0% used [0x000000076ab00000,0x000000076ab00000,0x000000077db00000)
  from space 13312K, 99% used [0x000000077f980000,0x000000078067b540,0x0000000780680000)
  to   space 15360K, 0% used [0x000000077e880000,0x000000077e880000,0x000000077f780000)
 ParOldGen       total 142848K, used 16464K [0x00000006c0000000, 0x00000006c8b80000, 0x000000076ab00000)
  object space 142848K, 11% used [0x00000006c0000000,0x00000006c1014208,0x00000006c8b80000)
 Metaspace       used 45955K, capacity 48771K, committed 48856K, reserved 1091584K
  class space    used 6307K, capacity 6849K, committed 6912K, reserved 1048576K
}

