# JRE version: OpenJDK Runtime Environment (8.0_302) (build 1.8.0_302-bre_2021_08_14_22_07-b00)
# Java VM: OpenJDK 64-Bit Server VM (25.302-b00 mixed mode bsd-amd64 compressed oops)
Heap:
 PSYoungGen      total 333824K, used 38665K [0x000000076ab00000, 0x0000000781500000, 0x00000007c0000000)
  eden space 320512K, 7% used [0x000000076ab00000,0x000000076c3c7808,0x000000077e400000)
  from space 13312K, 99% used [0x0000000780800000,0x00000007814fada0,0x0000000781500000)
  to   space 15872K, 0% used [0x000000077f600000,0x000000077f600000,0x0000000780580000)
 ParOldGen       total 138752K, used 16711K [0x00000006c0000000, 0x00000006c8780000, 0x000000076ab00000)
  object space 138752K, 12% used [0x00000006c0000000,0x00000006c1051c70,0x00000006c8780000)
 Metaspace       used 48082K, capacity 50909K, committed 51160K, reserved 1093632K
  class space    used 6609K, capacity 7132K, committed 7168K, reserved 1048576K
GC Heap History (10 events):
Event: 1.439 GC heap before
{Heap before GC invocations=6 (full 1):
 PSYoungGen      total 141824K, used 131072K [0x000000076ab00000, 0x0000000774000000, 0x00000007c0000000)
  eden space 131072K, 100% used [0x000000076ab00000,0x0000000772b00000,0x0000000772b00000)
  from space 10752K, 0% used [0x0000000773580000,0x0000000773580000,0x0000000774000000)
  to   space 10752K, 0% used [0x0000000772b00000,0x0000000772b00000,0x0000000773580000)
 ParOldGen       total 93184K, used 6530K [0x00000006c0000000, 0x00000006c5b00000, 0x000000076ab00000)
  object space 93184K, 7% used [0x00000006c0000000,0x00000006c0660940,0x00000006c5b00000)
 Metaspace       used 26891K, capacity 28180K, committed 28288K, reserved 1073152K
  class space    used 3661K, capacity 3948K, committed 3968K, reserved 1048576K
Event: 1.445 GC heap after
Heap after GC invocations=6 (full 1):
 PSYoungGen      total 141824K, used 10333K [0x000000076ab00000, 0x0000000779280000, 0x00000007c0000000)
  eden space 131072K, 0% used [0x000000076ab00000,0x000000076ab00000,0x0000000772b00000)
  from space 10752K, 96% used [0x0000000772b00000,0x0000000773517418,0x0000000773580000)
  to   space 10752K, 0% used [0x0000000778800000,0x0000000778800000,0x0000000779280000)
 ParOldGen       total 93184K, used 6538K [0x00000006c0000000, 0x00000006c5b00000, 0x000000076ab00000)
  object space 93184K, 7% used [0x00000006c0000000,0x00000006c0662940,0x00000006c5b00000)
 Metaspace       used 26891K, capacity 28180K, committed 28288K, reserved 1073152K
  class space    used 3661K, capacity 3948K, committed 3968K, reserved 1048576K
}
Event: 1.881 GC heap before
{Heap before GC invocations=7 (full 1):
 PSYoungGen      total 141824K, used 141405K [0x000000076ab00000, 0x0000000779280000, 0x00000007c0000000)
  eden space 131072K, 100% used [0x000000076ab00000,0x0000000772b00000,0x0000000772b00000)
  from space 10752K, 96% used [0x0000000772b00000,0x0000000773517418,0x0000000773580000)
  to   space 10752K, 0% used [0x0000000778800000,0x0000000778800000,0x0000000779280000)
 ParOldGen       total 93184K, used 6538K [0x00000006c0000000, 0x00000006c5b00000, 0x000000076ab00000)
  object space 93184K, 7% used [0x00000006c0000000,0x00000006c0662940,0x00000006c5b00000)
 Metaspace       used 32247K, capacity 33958K, committed 34304K, reserved 1079296K
  class space    used 4447K, capacity 4767K, committed 4864K, reserved 1048576K
Event: 1.888 GC heap after
Heap after GC invocations=7 (full 1):
 PSYoungGen      total 222208K, used 10724K [0x000000076ab00000, 0x0000000779380000, 0x00000007c0000000)
  eden space 211456K, 0% used [0x000000076ab00000,0x000000076ab00000,0x0000000777980000)
  from space 10752K, 99% used [0x0000000778800000,0x00000007792790b0,0x0000000779280000)
  to   space 13312K, 0% used [0x0000000777980000,0x0000000777980000,0x0000000778680000)
 ParOldGen       total 93184K, used 8679K [0x00000006c0000000, 0x00000006c5b00000, 0x000000076ab00000)
  object space 93184K, 9% used [0x00000006c0000000,0x00000006c0879e98,0x00000006c5b00000)
 Metaspace       used 32247K, capacity 33958K, committed 34304K, reserved 1079296K
  class space    used 4447K, capacity 4767K, committed 4864K, reserved 1048576K
}
Event: 2.000 GC heap before
{Heap before GC invocations=8 (full 1):
 PSYoungGen      total 222208K, used 35720K [0x000000076ab00000, 0x0000000779380000, 0x00000007c0000000)
  eden space 211456K, 11% used [0x000000076ab00000,0x000000076c369268,0x0000000777980000)
  from space 10752K, 99% used [0x0000000778800000,0x00000007792790b0,0x0000000779280000)
  to   space 13312K, 0% used [0x0000000777980000,0x0000000777980000,0x0000000778680000)
 ParOldGen       total 93184K, used 8679K [0x00000006c0000000, 0x00000006c5b00000, 0x000000076ab00000)
  object space 93184K, 9% used [0x00000006c0000000,0x00000006c0879e98,0x00000006c5b00000)
 Metaspace       used 33438K, capacity 35241K, committed 35416K, reserved 1079296K
  class space    used 4608K, capacity 4992K, committed 4992K, reserved 1048576K
Event: 2.004 GC heap after
Heap after GC invocations=8 (full 1):
 PSYoungGen      total 224768K, used 9265K [0x000000076ab00000, 0x0000000781500000, 0x00000007c0000000)
  eden space 211456K, 0% used [0x000000076ab00000,0x000000076ab00000,0x0000000777980000)
  from space 13312K, 69% used [0x0000000777980000,0x000000077828c4f8,0x0000000778680000)
  to   space 13312K, 0% used [0x0000000780800000,0x0000000780800000,0x0000000781500000)
 ParOldGen       total 93184K, used 8687K [0x00000006c0000000, 0x00000006c5b00000, 0x000000076ab00000)
  object space 93184K, 9% used [0x00000006c0000000,0x00000006c087be98,0x00000006c5b00000)
 Metaspace       used 33438K, capacity 35241K, committed 35416K, reserved 1079296K
  class space    used 4608K, capacity 4992K, committed 4992K, reserved 1048576K
}
Event: 2.004 GC heap before
{Heap before GC invocations=9 (full 2):
 PSYoungGen      total 224768K, used 9265K [0x000000076ab00000, 0x0000000781500000, 0x00000007c0000000)
  eden space 211456K, 0% used [0x000000076ab00000,0x000000076ab00000,0x0000000777980000)
  from space 13312K, 69% used [0x0000000777980000,0x000000077828c4f8,0x0000000778680000)
  to   space 13312K, 0% used [0x0000000780800000,0x0000000780800000,0x0000000781500000)
 ParOldGen       total 93184K, used 8687K [0x00000006c0000000, 0x00000006c5b00000, 0x000000076ab00000)
  object space 93184K, 9% used [0x00000006c0000000,0x00000006c087be98,0x00000006c5b00000)
 Metaspace       used 33438K, capacity 35241K, committed 35416K, reserved 1079296K
  class space    used 4608K, capacity 4992K, committed 4992K, reserved 1048576K
Event: 2.031 GC heap after
Heap after GC invocations=9 (full 2):
 PSYoungGen      total 224768K, used 0K [0x000000076ab00000, 0x0000000781500000, 0x00000007c0000000)
  eden space 211456K, 0% used [0x000000076ab00000,0x000000076ab00000,0x0000000777980000)
  from space 13312K, 0% used [0x0000000777980000,0x0000000777980000,0x0000000778680000)
  to   space 13312K, 0% used [0x0000000780800000,0x0000000780800000,0x0000000781500000)
 ParOldGen       total 138752K, used 14557K [0x00000006c0000000, 0x00000006c8780000, 0x000000076ab00000)
  object space 138752K, 10% used [0x00000006c0000000,0x00000006c0e37620,0x00000006c8780000)
 Metaspace       used 33438K, capacity 35241K, committed 35416K, reserved 1079296K
  class space    used 4608K, capacity 4992K, committed 4992K, reserved 1048576K
}
Event: 9.018 GC heap before
{Heap before GC invocations=10 (full 2):
 PSYoungGen      total 224768K, used 206823K [0x000000076ab00000, 0x0000000781500000, 0x00000007c0000000)
  eden space 211456K, 97% used [0x000000076ab00000,0x00000007774f9f60,0x0000000777980000)
  from space 13312K, 0% used [0x0000000777980000,0x0000000777980000,0x0000000778680000)
  to   space 13312K, 0% used [0x0000000780800000,0x0000000780800000,0x0000000781500000)
 ParOldGen       total 138752K, used 14557K [0x00000006c0000000, 0x00000006c8780000, 0x000000076ab00000)
  object space 138752K, 10% used [0x00000006c0000000,0x00000006c0e37620,0x00000006c8780000)
 Metaspace       used 46721K, capacity 49463K, committed 49752K, reserved 1091584K
  class space    used 6435K, capacity 6957K, committed 7040K, reserved 1048576K
Event: 9.029 GC heap after
Heap after GC invocations=10 (full 2):
 PSYoungGen      total 333824K, used 13291K [0x000000076ab00000, 0x0000000781500000, 0x00000007c0000000)
  eden space 320512K, 0% used [0x000000076ab00000,0x000000076ab00000,0x000000077e400000)
  from space 13312K, 99% used [0x0000000780800000,0x00000007814fada0,0x0000000781500000)
  to   space 15872K, 0% used [0x000000077f600000,0x000000077f600000,0x0000000780580000)
 ParOldGen       total 138752K, used 16711K [0x00000006c0000000, 0x00000006c8780000, 0x000000076ab00000)
  object space 138752K, 12% used [0x00000006c0000000,0x00000006c1051c70,0x00000006c8780000)
 Metaspace       used 46721K, capacity 49463K, committed 49752K, reserved 1091584K
  class space    used 6435K, capacity 6957K, committed 7040K, reserved 1048576K
}

