# JRE version: OpenJDK Runtime Environment (8.0_302) (build 1.8.0_302-bre_2021_08_14_22_07-b00)
# Java VM: OpenJDK 64-Bit Server VM (25.302-b00 mixed mode bsd-amd64 compressed oops)
Heap:
 PSYoungGen      total 252416K, used 157220K [0x000000076ab00000, 0x0000000786b80000, 0x00000007c0000000)
  eden space 239104K, 65% used [0x000000076ab00000,0x0000000774489230,0x0000000779480000)
  from space 13312K, 0% used [0x0000000779480000,0x0000000779480000,0x000000077a180000)
  to   space 13312K, 0% used [0x0000000785e80000,0x0000000785e80000,0x0000000786b80000)
 ParOldGen       total 121856K, used 14500K [0x00000006c0000000, 0x00000006c7700000, 0x000000076ab00000)
  object space 121856K, 11% used [0x00000006c0000000,0x00000006c0e293a8,0x00000006c7700000)
 Metaspace       used 42116K, capacity 44764K, committed 45096K, reserved 1087488K
  class space    used 5831K, capacity 6333K, committed 6440K, reserved 1048576K
GC Heap History (10 events):
Event: 1.963 GC heap before
{Heap before GC invocations=5 (full 1):
 PSYoungGen      total 141824K, used 6363K [0x000000076ab00000, 0x0000000774000000, 0x00000007c0000000)
  eden space 131072K, 0% used [0x000000076ab00000,0x000000076ab00000,0x0000000772b00000)
  from space 10752K, 59% used [0x0000000773580000,0x0000000773bb6c40,0x0000000774000000)
  to   space 10752K, 0% used [0x0000000772b00000,0x0000000772b00000,0x0000000773580000)
 ParOldGen       total 175104K, used 104K [0x00000006c0000000, 0x00000006cab00000, 0x000000076ab00000)
  object space 175104K, 0% used [0x00000006c0000000,0x00000006c001a010,0x00000006cab00000)
 Metaspace       used 20206K, capacity 21148K, committed 21296K, reserved 1067008K
  class space    used 2741K, capacity 2920K, committed 2944K, reserved 1048576K
Event: 1.981 GC heap after
Heap after GC invocations=5 (full 1):
 PSYoungGen      total 141824K, used 0K [0x000000076ab00000, 0x0000000774000000, 0x00000007c0000000)
  eden space 131072K, 0% used [0x000000076ab00000,0x000000076ab00000,0x0000000772b00000)
  from space 10752K, 0% used [0x0000000773580000,0x0000000773580000,0x0000000774000000)
  to   space 10752K, 0% used [0x0000000772b00000,0x0000000772b00000,0x0000000773580000)
 ParOldGen       total 80896K, used 6238K [0x00000006c0000000, 0x00000006c4f00000, 0x000000076ab00000)
  object space 80896K, 7% used [0x00000006c0000000,0x00000006c06178c0,0x00000006c4f00000)
 Metaspace       used 20206K, capacity 21148K, committed 21296K, reserved 1067008K
  class space    used 2741K, capacity 2920K, committed 2944K, reserved 1048576K
}
Event: 2.341 GC heap before
{Heap before GC invocations=6 (full 1):
 PSYoungGen      total 141824K, used 131072K [0x000000076ab00000, 0x0000000774000000, 0x00000007c0000000)
  eden space 131072K, 100% used [0x000000076ab00000,0x0000000772b00000,0x0000000772b00000)
  from space 10752K, 0% used [0x0000000773580000,0x0000000773580000,0x0000000774000000)
  to   space 10752K, 0% used [0x0000000772b00000,0x0000000772b00000,0x0000000773580000)
 ParOldGen       total 80896K, used 6238K [0x00000006c0000000, 0x00000006c4f00000, 0x000000076ab00000)
  object space 80896K, 7% used [0x00000006c0000000,0x00000006c06178c0,0x00000006c4f00000)
 Metaspace       used 26732K, capacity 28038K, committed 28288K, reserved 1073152K
  class space    used 3646K, capacity 3907K, committed 3968K, reserved 1048576K
Event: 2.347 GC heap after
Heap after GC invocations=6 (full 1):
 PSYoungGen      total 141824K, used 10317K [0x000000076ab00000, 0x000000077ad80000, 0x00000007c0000000)
  eden space 131072K, 0% used [0x000000076ab00000,0x000000076ab00000,0x0000000772b00000)
  from space 10752K, 95% used [0x0000000772b00000,0x0000000773513548,0x0000000773580000)
  to   space 11264K, 0% used [0x000000077a280000,0x000000077a280000,0x000000077ad80000)
 ParOldGen       total 80896K, used 6246K [0x00000006c0000000, 0x00000006c4f00000, 0x000000076ab00000)
  object space 80896K, 7% used [0x00000006c0000000,0x00000006c06198c0,0x00000006c4f00000)
 Metaspace       used 26732K, capacity 28038K, committed 28288K, reserved 1073152K
  class space    used 3646K, capacity 3907K, committed 3968K, reserved 1048576K
}
Event: 2.781 GC heap before
{Heap before GC invocations=7 (full 1):
 PSYoungGen      total 141824K, used 141389K [0x000000076ab00000, 0x000000077ad80000, 0x00000007c0000000)
  eden space 131072K, 100% used [0x000000076ab00000,0x0000000772b00000,0x0000000772b00000)
  from space 10752K, 95% used [0x0000000772b00000,0x0000000773513548,0x0000000773580000)
  to   space 11264K, 0% used [0x000000077a280000,0x000000077a280000,0x000000077ad80000)
 ParOldGen       total 80896K, used 6246K [0x00000006c0000000, 0x00000006c4f00000, 0x000000076ab00000)
  object space 80896K, 7% used [0x00000006c0000000,0x00000006c06198c0,0x00000006c4f00000)
 Metaspace       used 32076K, capacity 33760K, committed 34048K, reserved 1079296K
  class space    used 4423K, capacity 4762K, committed 4864K, reserved 1048576K
Event: 2.789 GC heap after
Heap after GC invocations=7 (full 1):
 PSYoungGen      total 250368K, used 11235K [0x000000076ab00000, 0x000000077ae80000, 0x00000007c0000000)
  eden space 239104K, 0% used [0x000000076ab00000,0x000000076ab00000,0x0000000779480000)
  from space 11264K, 99% used [0x000000077a280000,0x000000077ad78d80,0x000000077ad80000)
  to   space 13312K, 0% used [0x0000000779480000,0x0000000779480000,0x000000077a180000)
 ParOldGen       total 80896K, used 7754K [0x00000006c0000000, 0x00000006c4f00000, 0x000000076ab00000)
  object space 80896K, 9% used [0x00000006c0000000,0x00000006c0792a68,0x00000006c4f00000)
 Metaspace       used 32076K, capacity 33760K, committed 34048K, reserved 1079296K
  class space    used 4423K, capacity 4762K, committed 4864K, reserved 1048576K
}
Event: 2.953 GC heap before
{Heap before GC invocations=8 (full 1):
 PSYoungGen      total 250368K, used 52200K [0x000000076ab00000, 0x000000077ae80000, 0x00000007c0000000)
  eden space 239104K, 17% used [0x000000076ab00000,0x000000076d301590,0x0000000779480000)
  from space 11264K, 99% used [0x000000077a280000,0x000000077ad78d80,0x000000077ad80000)
  to   space 13312K, 0% used [0x0000000779480000,0x0000000779480000,0x000000077a180000)
 ParOldGen       total 80896K, used 7754K [0x00000006c0000000, 0x00000006c4f00000, 0x000000076ab00000)
  object space 80896K, 9% used [0x00000006c0000000,0x00000006c0792a68,0x00000006c4f00000)
 Metaspace       used 33652K, capacity 35468K, committed 35496K, reserved 1079296K
  class space    used 4647K, capacity 5012K, committed 5032K, reserved 1048576K
Event: 2.958 GC heap after
Heap after GC invocations=8 (full 1):
 PSYoungGen      total 252416K, used 9666K [0x000000076ab00000, 0x0000000786b80000, 0x00000007c0000000)
  eden space 239104K, 0% used [0x000000076ab00000,0x000000076ab00000,0x0000000779480000)
  from space 13312K, 72% used [0x0000000779480000,0x0000000779df0aa8,0x000000077a180000)
  to   space 13312K, 0% used [0x0000000785e80000,0x0000000785e80000,0x0000000786b80000)
 ParOldGen       total 80896K, used 7762K [0x00000006c0000000, 0x00000006c4f00000, 0x000000076ab00000)
  object space 80896K, 9% used [0x00000006c0000000,0x00000006c0794a68,0x00000006c4f00000)
 Metaspace       used 33652K, capacity 35468K, committed 35496K, reserved 1079296K
  class space    used 4647K, capacity 5012K, committed 5032K, reserved 1048576K
}
Event: 2.958 GC heap before
{Heap before GC invocations=9 (full 2):
 PSYoungGen      total 252416K, used 9666K [0x000000076ab00000, 0x0000000786b80000, 0x00000007c0000000)
  eden space 239104K, 0% used [0x000000076ab00000,0x000000076ab00000,0x0000000779480000)
  from space 13312K, 72% used [0x0000000779480000,0x0000000779df0aa8,0x000000077a180000)
  to   space 13312K, 0% used [0x0000000785e80000,0x0000000785e80000,0x0000000786b80000)
 ParOldGen       total 80896K, used 7762K [0x00000006c0000000, 0x00000006c4f00000, 0x000000076ab00000)
  object space 80896K, 9% used [0x00000006c0000000,0x00000006c0794a68,0x00000006c4f00000)
 Metaspace       used 33652K, capacity 35468K, committed 35496K, reserved 1079296K
  class space    used 4647K, capacity 5012K, committed 5032K, reserved 1048576K
Event: 3.006 GC heap after
Heap after GC invocations=9 (full 2):
 PSYoungGen      total 252416K, used 0K [0x000000076ab00000, 0x0000000786b80000, 0x00000007c0000000)
  eden space 239104K, 0% used [0x000000076ab00000,0x000000076ab00000,0x0000000779480000)
  from space 13312K, 0% used [0x0000000779480000,0x0000000779480000,0x000000077a180000)
  to   space 13312K, 0% used [0x0000000785e80000,0x0000000785e80000,0x0000000786b80000)
 ParOldGen       total 121856K, used 14500K [0x00000006c0000000, 0x00000006c7700000, 0x000000076ab00000)
  object space 121856K, 11% used [0x00000006c0000000,0x00000006c0e293a8,0x00000006c7700000)
 Metaspace       used 33652K, capacity 35468K, committed 35496K, reserved 1079296K
  class space    used 4647K, capacity 5012K, committed 5032K, reserved 1048576K
}

