# JRE version: OpenJDK Runtime Environment (8.0_302) (build 1.8.0_302-bre_2021_08_14_22_07-b00)
# Java VM: OpenJDK 64-Bit Server VM (25.302-b00 mixed mode bsd-amd64 compressed oops)
Heap:
 PSYoungGen      total 227328K, used 159409K [0x000000076ab00000, 0x0000000782000000, 0x00000007c0000000)
  eden space 214016K, 74% used [0x000000076ab00000,0x00000007746ac4d0,0x0000000777c00000)
  from space 13312K, 0% used [0x0000000777c00000,0x0000000777c00000,0x0000000778900000)
  to   space 13312K, 0% used [0x0000000781300000,0x0000000781300000,0x0000000782000000)
 ParOldGen       total 134656K, used 14424K [0x00000006c0000000, 0x00000006c8380000, 0x000000076ab00000)
  object space 134656K, 10% used [0x00000006c0000000,0x00000006c0e162b8,0x00000006c8380000)
 Metaspace       used 42092K, capacity 44763K, committed 45056K, reserved 1087488K
  class space    used 5832K, capacity 6333K, committed 6400K, reserved 1048576K
GC Heap History (10 events):
Event: 1.364 GC heap before
{Heap before GC invocations=5 (full 1):
 PSYoungGen      total 141824K, used 6786K [0x000000076ab00000, 0x0000000774000000, 0x00000007c0000000)
  eden space 131072K, 0% used [0x000000076ab00000,0x000000076ab00000,0x0000000772b00000)
  from space 10752K, 63% used [0x0000000773580000,0x0000000773c20b98,0x0000000774000000)
  to   space 10752K, 0% used [0x0000000772b00000,0x0000000772b00000,0x0000000773580000)
 ParOldGen       total 175104K, used 104K [0x00000006c0000000, 0x00000006cab00000, 0x000000076ab00000)
  object space 175104K, 0% used [0x00000006c0000000,0x00000006c001a010,0x00000006cab00000)
 Metaspace       used 20241K, capacity 21144K, committed 21248K, reserved 1067008K
  class space    used 2763K, capacity 2978K, committed 3072K, reserved 1048576K
Event: 1.386 GC heap after
Heap after GC invocations=5 (full 1):
 PSYoungGen      total 141824K, used 0K [0x000000076ab00000, 0x0000000774000000, 0x00000007c0000000)
  eden space 131072K, 0% used [0x000000076ab00000,0x000000076ab00000,0x0000000772b00000)
  from space 10752K, 0% used [0x0000000773580000,0x0000000773580000,0x0000000774000000)
  to   space 10752K, 0% used [0x0000000772b00000,0x0000000772b00000,0x0000000773580000)
 ParOldGen       total 92672K, used 6599K [0x00000006c0000000, 0x00000006c5a80000, 0x000000076ab00000)
  object space 92672K, 7% used [0x00000006c0000000,0x00000006c0671cf8,0x00000006c5a80000)
 Metaspace       used 20241K, capacity 21144K, committed 21248K, reserved 1067008K
  class space    used 2763K, capacity 2978K, committed 3072K, reserved 1048576K
}
Event: 1.881 GC heap before
{Heap before GC invocations=6 (full 1):
 PSYoungGen      total 141824K, used 131072K [0x000000076ab00000, 0x0000000774000000, 0x00000007c0000000)
  eden space 131072K, 100% used [0x000000076ab00000,0x0000000772b00000,0x0000000772b00000)
  from space 10752K, 0% used [0x0000000773580000,0x0000000773580000,0x0000000774000000)
  to   space 10752K, 0% used [0x0000000772b00000,0x0000000772b00000,0x0000000773580000)
 ParOldGen       total 92672K, used 6599K [0x00000006c0000000, 0x00000006c5a80000, 0x000000076ab00000)
  object space 92672K, 7% used [0x00000006c0000000,0x00000006c0671cf8,0x00000006c5a80000)
 Metaspace       used 26915K, capacity 28190K, committed 28288K, reserved 1073152K
  class space    used 3673K, capacity 3949K, committed 3968K, reserved 1048576K
Event: 1.888 GC heap after
Heap after GC invocations=6 (full 1):
 PSYoungGen      total 141824K, used 10505K [0x000000076ab00000, 0x0000000779600000, 0x00000007c0000000)
  eden space 131072K, 0% used [0x000000076ab00000,0x000000076ab00000,0x0000000772b00000)
  from space 10752K, 97% used [0x0000000772b00000,0x00000007735427a0,0x0000000773580000)
  to   space 11264K, 0% used [0x0000000778b00000,0x0000000778b00000,0x0000000779600000)
 ParOldGen       total 92672K, used 6607K [0x00000006c0000000, 0x00000006c5a80000, 0x000000076ab00000)
  object space 92672K, 7% used [0x00000006c0000000,0x00000006c0673cf8,0x00000006c5a80000)
 Metaspace       used 26915K, capacity 28190K, committed 28288K, reserved 1073152K
  class space    used 3673K, capacity 3949K, committed 3968K, reserved 1048576K
}
Event: 2.502 GC heap before
{Heap before GC invocations=7 (full 1):
 PSYoungGen      total 141824K, used 141577K [0x000000076ab00000, 0x0000000779600000, 0x00000007c0000000)
  eden space 131072K, 100% used [0x000000076ab00000,0x0000000772b00000,0x0000000772b00000)
  from space 10752K, 97% used [0x0000000772b00000,0x00000007735427a0,0x0000000773580000)
  to   space 11264K, 0% used [0x0000000778b00000,0x0000000778b00000,0x0000000779600000)
 ParOldGen       total 92672K, used 6607K [0x00000006c0000000, 0x00000006c5a80000, 0x000000076ab00000)
  object space 92672K, 7% used [0x00000006c0000000,0x00000006c0673cf8,0x00000006c5a80000)
 Metaspace       used 32350K, capacity 34068K, committed 34304K, reserved 1079296K
  class space    used 4469K, capacity 4800K, committed 4864K, reserved 1048576K
Event: 2.510 GC heap after
Heap after GC invocations=7 (full 1):
 PSYoungGen      total 224768K, used 11238K [0x000000076ab00000, 0x0000000779600000, 0x00000007c0000000)
  eden space 213504K, 0% used [0x000000076ab00000,0x000000076ab00000,0x0000000777b80000)
  from space 11264K, 99% used [0x0000000778b00000,0x00000007795f9af8,0x0000000779600000)
  to   space 13312K, 0% used [0x0000000777c00000,0x0000000777c00000,0x0000000778900000)
 ParOldGen       total 92672K, used 8217K [0x00000006c0000000, 0x00000006c5a80000, 0x000000076ab00000)
  object space 92672K, 8% used [0x00000006c0000000,0x00000006c0806768,0x00000006c5a80000)
 Metaspace       used 32350K, capacity 34068K, committed 34304K, reserved 1079296K
  class space    used 4469K, capacity 4800K, committed 4864K, reserved 1048576K
}
Event: 2.637 GC heap before
{Heap before GC invocations=8 (full 1):
 PSYoungGen      total 224768K, used 37129K [0x000000076ab00000, 0x0000000779600000, 0x00000007c0000000)
  eden space 213504K, 12% used [0x000000076ab00000,0x000000076c448c28,0x0000000777b80000)
  from space 11264K, 99% used [0x0000000778b00000,0x00000007795f9af8,0x0000000779600000)
  to   space 13312K, 0% used [0x0000000777c00000,0x0000000777c00000,0x0000000778900000)
 ParOldGen       total 92672K, used 8217K [0x00000006c0000000, 0x00000006c5a80000, 0x000000076ab00000)
  object space 92672K, 8% used [0x00000006c0000000,0x00000006c0806768,0x00000006c5a80000)
 Metaspace       used 33495K, capacity 35301K, committed 35416K, reserved 1079296K
  class space    used 4625K, capacity 5005K, committed 5120K, reserved 1048576K
Event: 2.643 GC heap after
Heap after GC invocations=8 (full 1):
 PSYoungGen      total 227328K, used 9005K [0x000000076ab00000, 0x0000000782000000, 0x00000007c0000000)
  eden space 214016K, 0% used [0x000000076ab00000,0x000000076ab00000,0x0000000777c00000)
  from space 13312K, 67% used [0x0000000777c00000,0x00000007784cb588,0x0000000778900000)
  to   space 13312K, 0% used [0x0000000781300000,0x0000000781300000,0x0000000782000000)
 ParOldGen       total 92672K, used 8225K [0x00000006c0000000, 0x00000006c5a80000, 0x000000076ab00000)
  object space 92672K, 8% used [0x00000006c0000000,0x00000006c0808768,0x00000006c5a80000)
 Metaspace       used 33495K, capacity 35301K, committed 35416K, reserved 1079296K
  class space    used 4625K, capacity 5005K, committed 5120K, reserved 1048576K
}
Event: 2.643 GC heap before
{Heap before GC invocations=9 (full 2):
 PSYoungGen      total 227328K, used 9005K [0x000000076ab00000, 0x0000000782000000, 0x00000007c0000000)
  eden space 214016K, 0% used [0x000000076ab00000,0x000000076ab00000,0x0000000777c00000)
  from space 13312K, 67% used [0x0000000777c00000,0x00000007784cb588,0x0000000778900000)
  to   space 13312K, 0% used [0x0000000781300000,0x0000000781300000,0x0000000782000000)
 ParOldGen       total 92672K, used 8225K [0x00000006c0000000, 0x00000006c5a80000, 0x000000076ab00000)
  object space 92672K, 8% used [0x00000006c0000000,0x00000006c0808768,0x00000006c5a80000)
 Metaspace       used 33495K, capacity 35301K, committed 35416K, reserved 1079296K
  class space    used 4625K, capacity 5005K, committed 5120K, reserved 1048576K
Event: 2.674 GC heap after
Heap after GC invocations=9 (full 2):
 PSYoungGen      total 227328K, used 0K [0x000000076ab00000, 0x0000000782000000, 0x00000007c0000000)
  eden space 214016K, 0% used [0x000000076ab00000,0x000000076ab00000,0x0000000777c00000)
  from space 13312K, 0% used [0x0000000777c00000,0x0000000777c00000,0x0000000778900000)
  to   space 13312K, 0% used [0x0000000781300000,0x0000000781300000,0x0000000782000000)
 ParOldGen       total 134656K, used 14424K [0x00000006c0000000, 0x00000006c8380000, 0x000000076ab00000)
  object space 134656K, 10% used [0x00000006c0000000,0x00000006c0e162b8,0x00000006c8380000)
 Metaspace       used 33495K, capacity 35301K, committed 35416K, reserved 1079296K
  class space    used 4625K, capacity 5005K, committed 5120K, reserved 1048576K
}

