# JRE version: OpenJDK Runtime Environment (8.0_302) (build 1.8.0_302-bre_2021_08_14_22_07-b00)
# Java VM: OpenJDK 64-Bit Server VM (25.302-b00 mixed mode bsd-amd64 compressed oops)
Heap:
 PSYoungGen      total 227840K, used 206699K [0x000000076ab00000, 0x0000000781900000, 0x00000007c0000000)
  eden space 214528K, 96% used [0x000000076ab00000,0x00000007774daef0,0x0000000777c80000)
  from space 13312K, 0% used [0x0000000777c80000,0x0000000777c80000,0x0000000778980000)
  to   space 13312K, 0% used [0x0000000780c00000,0x0000000780c00000,0x0000000781900000)
 ParOldGen       total 135168K, used 14689K [0x00000006c0000000, 0x00000006c8400000, 0x000000076ab00000)
  object space 135168K, 10% used [0x00000006c0000000,0x00000006c0e58458,0x00000006c8400000)
 Metaspace       used 46382K, capacity 49270K, committed 49448K, reserved 1091584K
  class space    used 6379K, capacity 6928K, committed 6952K, reserved 1048576K
GC Heap History (10 events):
Event: 1.136 GC heap before
{Heap before GC invocations=5 (full 1):
 PSYoungGen      total 141824K, used 6665K [0x000000076ab00000, 0x0000000774000000, 0x00000007c0000000)
  eden space 131072K, 0% used [0x000000076ab00000,0x000000076ab00000,0x0000000772b00000)
  from space 10752K, 61% used [0x0000000773580000,0x0000000773c02720,0x0000000774000000)
  to   space 10752K, 0% used [0x0000000772b00000,0x0000000772b00000,0x0000000773580000)
 ParOldGen       total 175104K, used 104K [0x00000006c0000000, 0x00000006cab00000, 0x000000076ab00000)
  object space 175104K, 0% used [0x00000006c0000000,0x00000006c001a010,0x00000006cab00000)
 Metaspace       used 20268K, capacity 21162K, committed 21296K, reserved 1067008K
  class space    used 2775K, capacity 2981K, committed 3072K, reserved 1048576K
Event: 1.158 GC heap after
Heap after GC invocations=5 (full 1):
 PSYoungGen      total 141824K, used 0K [0x000000076ab00000, 0x0000000774000000, 0x00000007c0000000)
  eden space 131072K, 0% used [0x000000076ab00000,0x000000076ab00000,0x0000000772b00000)
  from space 10752K, 0% used [0x0000000773580000,0x0000000773580000,0x0000000774000000)
  to   space 10752K, 0% used [0x0000000772b00000,0x0000000772b00000,0x0000000773580000)
 ParOldGen       total 91648K, used 6506K [0x00000006c0000000, 0x00000006c5980000, 0x000000076ab00000)
  object space 91648K, 7% used [0x00000006c0000000,0x00000006c065a990,0x00000006c5980000)
 Metaspace       used 20268K, capacity 21162K, committed 21296K, reserved 1067008K
  class space    used 2775K, capacity 2981K, committed 3072K, reserved 1048576K
}
Event: 1.616 GC heap before
{Heap before GC invocations=6 (full 1):
 PSYoungGen      total 141824K, used 131072K [0x000000076ab00000, 0x0000000774000000, 0x00000007c0000000)
  eden space 131072K, 100% used [0x000000076ab00000,0x0000000772b00000,0x0000000772b00000)
  from space 10752K, 0% used [0x0000000773580000,0x0000000773580000,0x0000000774000000)
  to   space 10752K, 0% used [0x0000000772b00000,0x0000000772b00000,0x0000000773580000)
 ParOldGen       total 91648K, used 6506K [0x00000006c0000000, 0x00000006c5980000, 0x000000076ab00000)
  object space 91648K, 7% used [0x00000006c0000000,0x00000006c065a990,0x00000006c5980000)
 Metaspace       used 26940K, capacity 28194K, committed 28288K, reserved 1073152K
  class space    used 3676K, capacity 3949K, committed 3968K, reserved 1048576K
Event: 1.622 GC heap after
Heap after GC invocations=6 (full 1):
 PSYoungGen      total 141824K, used 10463K [0x000000076ab00000, 0x0000000779680000, 0x00000007c0000000)
  eden space 131072K, 0% used [0x000000076ab00000,0x000000076ab00000,0x0000000772b00000)
  from space 10752K, 97% used [0x0000000772b00000,0x0000000773537e10,0x0000000773580000)
  to   space 11264K, 0% used [0x0000000778b80000,0x0000000778b80000,0x0000000779680000)
 ParOldGen       total 91648K, used 6514K [0x00000006c0000000, 0x00000006c5980000, 0x000000076ab00000)
  object space 91648K, 7% used [0x00000006c0000000,0x00000006c065c990,0x00000006c5980000)
 Metaspace       used 26940K, capacity 28194K, committed 28288K, reserved 1073152K
  class space    used 3676K, capacity 3949K, committed 3968K, reserved 1048576K
}
Event: 2.133 GC heap before
{Heap before GC invocations=7 (full 1):
 PSYoungGen      total 141824K, used 141535K [0x000000076ab00000, 0x0000000779680000, 0x00000007c0000000)
  eden space 131072K, 100% used [0x000000076ab00000,0x0000000772b00000,0x0000000772b00000)
  from space 10752K, 97% used [0x0000000772b00000,0x0000000773537e10,0x0000000773580000)
  to   space 11264K, 0% used [0x0000000778b80000,0x0000000778b80000,0x0000000779680000)
 ParOldGen       total 91648K, used 6514K [0x00000006c0000000, 0x00000006c5980000, 0x000000076ab00000)
  object space 91648K, 7% used [0x00000006c0000000,0x00000006c065c990,0x00000006c5980000)
 Metaspace       used 32367K, capacity 34068K, committed 34304K, reserved 1079296K
  class space    used 4470K, capacity 4800K, committed 4864K, reserved 1048576K
Event: 2.140 GC heap after
Heap after GC invocations=7 (full 1):
 PSYoungGen      total 224768K, used 11254K [0x000000076ab00000, 0x0000000779680000, 0x00000007c0000000)
  eden space 213504K, 0% used [0x000000076ab00000,0x000000076ab00000,0x0000000777b80000)
  from space 11264K, 99% used [0x0000000778b80000,0x000000077967dad8,0x0000000779680000)
  to   space 13312K, 0% used [0x0000000777c80000,0x0000000777c80000,0x0000000778980000)
 ParOldGen       total 91648K, used 8210K [0x00000006c0000000, 0x00000006c5980000, 0x000000076ab00000)
  object space 91648K, 8% used [0x00000006c0000000,0x00000006c08049c8,0x00000006c5980000)
 Metaspace       used 32367K, capacity 34068K, committed 34304K, reserved 1079296K
  class space    used 4470K, capacity 4800K, committed 4864K, reserved 1048576K
}
Event: 2.287 GC heap before
{Heap before GC invocations=8 (full 1):
 PSYoungGen      total 224768K, used 41502K [0x000000076ab00000, 0x0000000779680000, 0x00000007c0000000)
  eden space 213504K, 14% used [0x000000076ab00000,0x000000076c889e58,0x0000000777b80000)
  from space 11264K, 99% used [0x0000000778b80000,0x000000077967dad8,0x0000000779680000)
  to   space 13312K, 0% used [0x0000000777c80000,0x0000000777c80000,0x0000000778980000)
 ParOldGen       total 91648K, used 8210K [0x00000006c0000000, 0x00000006c5980000, 0x000000076ab00000)
  object space 91648K, 8% used [0x00000006c0000000,0x00000006c08049c8,0x00000006c5980000)
 Metaspace       used 33638K, capacity 35450K, committed 35496K, reserved 1079296K
  class space    used 4640K, capacity 5011K, committed 5032K, reserved 1048576K
Event: 2.292 GC heap after
Heap after GC invocations=8 (full 1):
 PSYoungGen      total 227840K, used 9339K [0x000000076ab00000, 0x0000000781900000, 0x00000007c0000000)
  eden space 214528K, 0% used [0x000000076ab00000,0x000000076ab00000,0x0000000777c80000)
  from space 13312K, 70% used [0x0000000777c80000,0x000000077859ed98,0x0000000778980000)
  to   space 13312K, 0% used [0x0000000780c00000,0x0000000780c00000,0x0000000781900000)
 ParOldGen       total 91648K, used 8218K [0x00000006c0000000, 0x00000006c5980000, 0x000000076ab00000)
  object space 91648K, 8% used [0x00000006c0000000,0x00000006c08069c8,0x00000006c5980000)
 Metaspace       used 33638K, capacity 35450K, committed 35496K, reserved 1079296K
  class space    used 4640K, capacity 5011K, committed 5032K, reserved 1048576K
}
Event: 2.292 GC heap before
{Heap before GC invocations=9 (full 2):
 PSYoungGen      total 227840K, used 9339K [0x000000076ab00000, 0x0000000781900000, 0x00000007c0000000)
  eden space 214528K, 0% used [0x000000076ab00000,0x000000076ab00000,0x0000000777c80000)
  from space 13312K, 70% used [0x0000000777c80000,0x000000077859ed98,0x0000000778980000)
  to   space 13312K, 0% used [0x0000000780c00000,0x0000000780c00000,0x0000000781900000)
 ParOldGen       total 91648K, used 8218K [0x00000006c0000000, 0x00000006c5980000, 0x000000076ab00000)
  object space 91648K, 8% used [0x00000006c0000000,0x00000006c08069c8,0x00000006c5980000)
 Metaspace       used 33638K, capacity 35450K, committed 35496K, reserved 1079296K
  class space    used 4640K, capacity 5011K, committed 5032K, reserved 1048576K
Event: 2.320 GC heap after
Heap after GC invocations=9 (full 2):
 PSYoungGen      total 227840K, used 0K [0x000000076ab00000, 0x0000000781900000, 0x00000007c0000000)
  eden space 214528K, 0% used [0x000000076ab00000,0x000000076ab00000,0x0000000777c80000)
  from space 13312K, 0% used [0x0000000777c80000,0x0000000777c80000,0x0000000778980000)
  to   space 13312K, 0% used [0x0000000780c00000,0x0000000780c00000,0x0000000781900000)
 ParOldGen       total 135168K, used 14689K [0x00000006c0000000, 0x00000006c8400000, 0x000000076ab00000)
  object space 135168K, 10% used [0x00000006c0000000,0x00000006c0e58458,0x00000006c8400000)
 Metaspace       used 33638K, capacity 35450K, committed 35496K, reserved 1079296K
  class space    used 4640K, capacity 5011K, committed 5032K, reserved 1048576K
}

