# JRE version: OpenJDK Runtime Environment (8.0_302) (build 1.8.0_302-bre_2021_08_14_22_07-b00)
# Java VM: OpenJDK 64-Bit Server VM (25.302-b00 mixed mode bsd-amd64 compressed oops)
Heap:
 PSYoungGen      total 322560K, used 36840K [0x000000076ab00000, 0x0000000780680000, 0x00000007c0000000)
  eden space 309248K, 7% used [0x000000076ab00000,0x000000076c201f00,0x000000077d900000)
  from space 13312K, 99% used [0x000000077f980000,0x0000000780678380,0x0000000780680000)
  to   space 15360K, 0% used [0x000000077e880000,0x000000077e880000,0x000000077f780000)
 ParOldGen       total 143872K, used 16747K [0x00000006c0000000, 0x00000006c8c80000, 0x000000076ab00000)
  object space 143872K, 11% used [0x00000006c0000000,0x00000006c105ac00,0x00000006c8c80000)
 Metaspace       used 47899K, capacity 50658K, committed 50944K, reserved 1093632K
  class space    used 6597K, capacity 7130K, committed 7168K, reserved 1048576K
GC Heap History (10 events):
Event: 1.499 GC heap before
{Heap before GC invocations=6 (full 1):
 PSYoungGen      total 141824K, used 131072K [0x000000076ab00000, 0x0000000774000000, 0x00000007c0000000)
  eden space 131072K, 100% used [0x000000076ab00000,0x0000000772b00000,0x0000000772b00000)
  from space 10752K, 0% used [0x0000000773580000,0x0000000773580000,0x0000000774000000)
  to   space 10752K, 0% used [0x0000000772b00000,0x0000000772b00000,0x0000000773580000)
 ParOldGen       total 95232K, used 6555K [0x00000006c0000000, 0x00000006c5d00000, 0x000000076ab00000)
  object space 95232K, 6% used [0x00000006c0000000,0x00000006c0666f80,0x00000006c5d00000)
 Metaspace       used 26885K, capacity 28180K, committed 28288K, reserved 1073152K
  class space    used 3672K, capacity 3948K, committed 3968K, reserved 1048576K
Event: 1.505 GC heap after
Heap after GC invocations=6 (full 1):
 PSYoungGen      total 141824K, used 10292K [0x000000076ab00000, 0x0000000778e80000, 0x00000007c0000000)
  eden space 131072K, 0% used [0x000000076ab00000,0x000000076ab00000,0x0000000772b00000)
  from space 10752K, 95% used [0x0000000772b00000,0x000000077350d3a8,0x0000000773580000)
  to   space 10752K, 0% used [0x0000000778400000,0x0000000778400000,0x0000000778e80000)
 ParOldGen       total 95232K, used 6563K [0x00000006c0000000, 0x00000006c5d00000, 0x000000076ab00000)
  object space 95232K, 6% used [0x00000006c0000000,0x00000006c0668f80,0x00000006c5d00000)
 Metaspace       used 26885K, capacity 28180K, committed 28288K, reserved 1073152K
  class space    used 3672K, capacity 3948K, committed 3968K, reserved 1048576K
}
Event: 1.997 GC heap before
{Heap before GC invocations=7 (full 1):
 PSYoungGen      total 141824K, used 141364K [0x000000076ab00000, 0x0000000778e80000, 0x00000007c0000000)
  eden space 131072K, 100% used [0x000000076ab00000,0x0000000772b00000,0x0000000772b00000)
  from space 10752K, 95% used [0x0000000772b00000,0x000000077350d3a8,0x0000000773580000)
  to   space 10752K, 0% used [0x0000000778400000,0x0000000778400000,0x0000000778e80000)
 ParOldGen       total 95232K, used 6563K [0x00000006c0000000, 0x00000006c5d00000, 0x000000076ab00000)
  object space 95232K, 6% used [0x00000006c0000000,0x00000006c0668f80,0x00000006c5d00000)
 Metaspace       used 32217K, capacity 33838K, committed 34048K, reserved 1079296K
  class space    used 4449K, capacity 4767K, committed 4864K, reserved 1048576K
Event: 2.005 GC heap after
Heap after GC invocations=7 (full 1):
 PSYoungGen      total 217600K, used 10737K [0x000000076ab00000, 0x0000000778f00000, 0x00000007c0000000)
  eden space 206848K, 0% used [0x000000076ab00000,0x000000076ab00000,0x0000000777500000)
  from space 10752K, 99% used [0x0000000778400000,0x0000000778e7c600,0x0000000778e80000)
  to   space 13312K, 0% used [0x0000000777500000,0x0000000777500000,0x0000000778200000)
 ParOldGen       total 95232K, used 8657K [0x00000006c0000000, 0x00000006c5d00000, 0x000000076ab00000)
  object space 95232K, 9% used [0x00000006c0000000,0x00000006c08746f8,0x00000006c5d00000)
 Metaspace       used 32217K, capacity 33838K, committed 34048K, reserved 1079296K
  class space    used 4449K, capacity 4767K, committed 4864K, reserved 1048576K
}
Event: 2.155 GC heap before
{Heap before GC invocations=8 (full 1):
 PSYoungGen      total 217600K, used 42991K [0x000000076ab00000, 0x0000000778f00000, 0x00000007c0000000)
  eden space 206848K, 15% used [0x000000076ab00000,0x000000076ca7f810,0x0000000777500000)
  from space 10752K, 99% used [0x0000000778400000,0x0000000778e7c600,0x0000000778e80000)
  to   space 13312K, 0% used [0x0000000777500000,0x0000000777500000,0x0000000778200000)
 ParOldGen       total 95232K, used 8657K [0x00000006c0000000, 0x00000006c5d00000, 0x000000076ab00000)
  object space 95232K, 9% used [0x00000006c0000000,0x00000006c08746f8,0x00000006c5d00000)
 Metaspace       used 33599K, capacity 35386K, committed 35496K, reserved 1079296K
  class space    used 4639K, capacity 5011K, committed 5120K, reserved 1048576K
Event: 2.160 GC heap after
Heap after GC invocations=8 (full 1):
 PSYoungGen      total 220160K, used 9531K [0x000000076ab00000, 0x0000000780680000, 0x00000007c0000000)
  eden space 206848K, 0% used [0x000000076ab00000,0x000000076ab00000,0x0000000777500000)
  from space 13312K, 71% used [0x0000000777500000,0x0000000777e4ee98,0x0000000778200000)
  to   space 13312K, 0% used [0x000000077f980000,0x000000077f980000,0x0000000780680000)
 ParOldGen       total 95232K, used 8665K [0x00000006c0000000, 0x00000006c5d00000, 0x000000076ab00000)
  object space 95232K, 9% used [0x00000006c0000000,0x00000006c08766f8,0x00000006c5d00000)
 Metaspace       used 33599K, capacity 35386K, committed 35496K, reserved 1079296K
  class space    used 4639K, capacity 5011K, committed 5120K, reserved 1048576K
}
Event: 2.160 GC heap before
{Heap before GC invocations=9 (full 2):
 PSYoungGen      total 220160K, used 9531K [0x000000076ab00000, 0x0000000780680000, 0x00000007c0000000)
  eden space 206848K, 0% used [0x000000076ab00000,0x000000076ab00000,0x0000000777500000)
  from space 13312K, 71% used [0x0000000777500000,0x0000000777e4ee98,0x0000000778200000)
  to   space 13312K, 0% used [0x000000077f980000,0x000000077f980000,0x0000000780680000)
 ParOldGen       total 95232K, used 8665K [0x00000006c0000000, 0x00000006c5d00000, 0x000000076ab00000)
  object space 95232K, 9% used [0x00000006c0000000,0x00000006c08766f8,0x00000006c5d00000)
 Metaspace       used 33599K, capacity 35386K, committed 35496K, reserved 1079296K
  class space    used 4639K, capacity 5011K, committed 5120K, reserved 1048576K
Event: 2.188 GC heap after
Heap after GC invocations=9 (full 2):
 PSYoungGen      total 220160K, used 0K [0x000000076ab00000, 0x0000000780680000, 0x00000007c0000000)
  eden space 206848K, 0% used [0x000000076ab00000,0x000000076ab00000,0x0000000777500000)
  from space 13312K, 0% used [0x0000000777500000,0x0000000777500000,0x0000000778200000)
  to   space 13312K, 0% used [0x000000077f980000,0x000000077f980000,0x0000000780680000)
 ParOldGen       total 143872K, used 14807K [0x00000006c0000000, 0x00000006c8c80000, 0x000000076ab00000)
  object space 143872K, 10% used [0x00000006c0000000,0x00000006c0e75ff8,0x00000006c8c80000)
 Metaspace       used 33599K, capacity 35386K, committed 35496K, reserved 1079296K
  class space    used 4639K, capacity 5011K, committed 5120K, reserved 1048576K
}
Event: 15.080 GC heap before
{Heap before GC invocations=10 (full 2):
 PSYoungGen      total 220160K, used 205978K [0x000000076ab00000, 0x0000000780680000, 0x00000007c0000000)
  eden space 206848K, 99% used [0x000000076ab00000,0x0000000777426ae0,0x0000000777500000)
  from space 13312K, 0% used [0x0000000777500000,0x0000000777500000,0x0000000778200000)
  to   space 13312K, 0% used [0x000000077f980000,0x000000077f980000,0x0000000780680000)
 ParOldGen       total 143872K, used 14807K [0x00000006c0000000, 0x00000006c8c80000, 0x000000076ab00000)
  object space 143872K, 10% used [0x00000006c0000000,0x00000006c0e75ff8,0x00000006c8c80000)
 Metaspace       used 46657K, capacity 49406K, committed 49536K, reserved 1091584K
  class space    used 6430K, capacity 6956K, committed 7040K, reserved 1048576K
Event: 15.089 GC heap after
Heap after GC invocations=10 (full 2):
 PSYoungGen      total 322560K, used 13280K [0x000000076ab00000, 0x0000000780680000, 0x00000007c0000000)
  eden space 309248K, 0% used [0x000000076ab00000,0x000000076ab00000,0x000000077d900000)
  from space 13312K, 99% used [0x000000077f980000,0x0000000780678380,0x0000000780680000)
  to   space 15360K, 0% used [0x000000077e880000,0x000000077e880000,0x000000077f780000)
 ParOldGen       total 143872K, used 16747K [0x00000006c0000000, 0x00000006c8c80000, 0x000000076ab00000)
  object space 143872K, 11% used [0x00000006c0000000,0x00000006c105ac00,0x00000006c8c80000)
 Metaspace       used 46657K, capacity 49406K, committed 49536K, reserved 1091584K
  class space    used 6430K, capacity 6956K, committed 7040K, reserved 1048576K
}

